<?xml version="1.0" encoding="UTF-8"?>
<testsuites name="TS1_Profile" time="69.372" tests="3" failures="0" errors="1">
   <testsuite name="TS1_Profile" tests="3" failures="0" errors="1" time="69.372" skipped="0" timestamp="2023-09-08 07:56:27" hostname="Najwa - LAPTOP-TSBSMC4J.local" id="Test Suites/Profile/TS1_Profile">
      <properties>
         <property name="deviceName" value="emulator-5554 (sdk_gphone_x86 - Android 11)"/>
         <property name="devicePlatform" value=""/>
         <property name="logFolder" value="D:\\4 -- QA Automation\\Hacktiv8\\Assignment 3\\Mobile Testing\\Katalon\\Katalon-Mobile-Testing\\Reports\\20230908_075624\\Profile\\TS1_Profile\\20230908_075624"/>
         <property name="logFiles" value="D:\\4 -- QA Automation\\Hacktiv8\\Assignment 3\\Mobile Testing\\Katalon\\Katalon-Mobile-Testing\\Reports\\20230908_075624\\Profile\\TS1_Profile\\20230908_075624\\appium.log, D:\\4 -- QA Automation\\Hacktiv8\\Assignment 3\\Mobile Testing\\Katalon\\Katalon-Mobile-Testing\\Reports\\20230908_075624\\Profile\\TS1_Profile\\20230908_075624\\execution0.log"/>
         <property name="attachments" value=""/>
         <property name="hostName" value="Najwa - LAPTOP-TSBSMC4J.local"/>
         <property name="os" value="Windows 11 64bit"/>
         <property name="appiumServerStatus" value="{&quot;value&quot;:{&quot;build&quot;:{&quot;version&quot;:&quot;1.22.3&quot;}},&quot;sessionId&quot;:null,&quot;status&quot;:0}"/>
         <property name="katalonVersion" value="8.6.5.208"/>
         <property name="deviceOS" value="Android"/>
         <property name="appiumVersion" value="1.22.3"/>
         <property name="deviceModel" value="sdk_gphone_x86"/>
         <property name="hostAddress" value="192.168.1.5"/>
         <property name="deviceManufacturer" value="Google"/>
         <property name="deviceId" value="emulator-5554"/>
         <property name="deviceName" value="emulator-5554 (sdk_gphone_x86 - Android 11)"/>
         <property name="deviceOSVersion" value="11"/>
      </properties>
      <testcase name="Test Cases/TC_Profile/TC1_Access-Profile-Page" time="30.995" classname="Test Cases/TC_Profile/TC1_Access-Profile-Page" status="PASSED">
         <system-out><![CDATA[2023-09-08 07:56:27 - [TEST_CASE][PASSED] - Test Cases/TC_Profile/TC1_Access-Profile-Page: Test Cases/TC_Profile/TC1_Access-Profile-Page

2023-09-08 07:56:28 - [TEST_STEP][PASSED] - callTestCase(findTestCase("Reusable-Test/TC0_Launch-Exist-App"), [:], STOP_ON_FAILURE): Call Test Case 'Test Cases/Reusable-Test/TC0_Launch-Exist-App' successfully

2023-09-08 07:56:28 - [TEST_CASE][PASSED] - Test Cases/Reusable-Test/TC0_Launch-Exist-App: Test Cases/Reusable-Test/TC0_Launch-Exist-App

2023-09-08 07:56:29 - [TEST_STEP][PASSED] - startExistingApplication(application_id, STOP_ON_FAILURE): Starting app with application ID: 'com.solodroid.solomerce'

2023-09-08 07:56:29 - [MESSAGE][INFO] - Detected NodeJS location: "C:\Program Files\nodejs\node.exe"

2023-09-08 07:56:31 - [MESSAGE][INFO] - Appium server started on port 55,736

2023-09-08 07:56:50 - [MESSAGE][PASSED] - Starting app with application ID: 'com.solodroid.solomerce'

2023-09-08 07:56:50 - [MESSAGE][PASSED] - Call Test Case 'Test Cases/Reusable-Test/TC0_Launch-Exist-App' successfully

2023-09-08 07:56:50 - [TEST_STEP][PASSED] - verifyElementVisible(findTestObject("Profile/icon_navbar-profile"), 0): Element 'Object Repository/Profile/icon_navbar-profile' is visible

2023-09-08 07:56:50 - [MESSAGE][WARNING] - Timeout '0' is invalid. Using default page load timeout: '30'

2023-09-08 07:56:51 - [MESSAGE][PASSED] - Element 'Object Repository/Profile/icon_navbar-profile' is visible

2023-09-08 07:56:51 - [TEST_STEP][PASSED] - tap(findTestObject("Profile/btn_profile-navbar"), 0): Tapped on element 'Object Repository/Profile/btn_profile-navbar'

2023-09-08 07:56:52 - [MESSAGE][WARNING] - Timeout '0' is invalid. Using default page load timeout: '30'

2023-09-08 07:56:53 - [MESSAGE][PASSED] - Tapped on element 'Object Repository/Profile/btn_profile-navbar'

2023-09-08 07:56:53 - [TEST_STEP][PASSED] - extractedTitleProfile = getText(findTestObject("Profile/txt_title-page_profile"), 0): Text of element 'Object Repository/Profile/txt_title-page_profile' is: 'Profile'

2023-09-08 07:56:53 - [MESSAGE][WARNING] - Timeout '0' is invalid. Using default page load timeout: '30'

2023-09-08 07:56:53 - [MESSAGE][PASSED] - Text of element 'Object Repository/Profile/txt_title-page_profile' is: 'Profile'

2023-09-08 07:56:53 - [TEST_STEP][PASSED] - verifyEqual(extractedTitleProfile, "Profile"): Actual object 'Profile' and expected object 'Profile' are equal

2023-09-08 07:56:53 - [MESSAGE][PASSED] - Actual object 'Profile' and expected object 'Profile' are equal

2023-09-08 07:56:53 - [TEST_STEP][PASSED] - verifyElementVisible(findTestObject("Profile/btn_cart-profile"), 0): Element 'Object Repository/Profile/btn_cart-profile' is visible

2023-09-08 07:56:53 - [MESSAGE][WARNING] - Timeout '0' is invalid. Using default page load timeout: '30'

2023-09-08 07:56:54 - [MESSAGE][PASSED] - Element 'Object Repository/Profile/btn_cart-profile' is visible

2023-09-08 07:56:54 - [TEST_STEP][PASSED] - verifyElementVisible(findTestObject("Profile/txt_name-profile"), 0): Element 'Object Repository/Profile/txt_name-profile' is visible

2023-09-08 07:56:54 - [MESSAGE][WARNING] - Timeout '0' is invalid. Using default page load timeout: '30'

2023-09-08 07:56:54 - [MESSAGE][PASSED] - Element 'Object Repository/Profile/txt_name-profile' is visible

2023-09-08 07:56:54 - [TEST_STEP][PASSED] - verifyElementVisible(findTestObject("Profile/txt_email-profile"), 0): Element 'Object Repository/Profile/txt_email-profile' is visible

2023-09-08 07:56:54 - [MESSAGE][WARNING] - Timeout '0' is invalid. Using default page load timeout: '30'

2023-09-08 07:56:54 - [MESSAGE][PASSED] - Element 'Object Repository/Profile/txt_email-profile' is visible

2023-09-08 07:56:54 - [TEST_STEP][PASSED] - verifyElementVisible(findTestObject("Profile/txt_phone-number-profile"), 0): Element 'Object Repository/Profile/txt_phone-number-profile' is visible

2023-09-08 07:56:54 - [MESSAGE][WARNING] - Timeout '0' is invalid. Using default page load timeout: '30'

2023-09-08 07:56:54 - [MESSAGE][PASSED] - Element 'Object Repository/Profile/txt_phone-number-profile' is visible

2023-09-08 07:56:54 - [TEST_STEP][PASSED] - verifyElementVisible(findTestObject("Profile/txt_address-profile"), 0): Element 'Object Repository/Profile/txt_address-profile' is visible

2023-09-08 07:56:55 - [MESSAGE][WARNING] - Timeout '0' is invalid. Using default page load timeout: '30'

2023-09-08 07:56:55 - [MESSAGE][PASSED] - Element 'Object Repository/Profile/txt_address-profile' is visible

2023-09-08 07:56:55 - [TEST_STEP][PASSED] - verifyElementVisible(findTestObject("Profile/btn_edit-profile"), 0): Element 'Object Repository/Profile/btn_edit-profile' is visible

2023-09-08 07:56:55 - [MESSAGE][WARNING] - Timeout '0' is invalid. Using default page load timeout: '30'

2023-09-08 07:56:55 - [MESSAGE][PASSED] - Element 'Object Repository/Profile/btn_edit-profile' is visible

2023-09-08 07:56:55 - [TEST_STEP][PASSED] - verifyElementVisible(findTestObject("Profile/icon_order-history-profile"), 0): Element 'Object Repository/Profile/icon_order-history-profile' is visible

2023-09-08 07:56:55 - [MESSAGE][WARNING] - Timeout '0' is invalid. Using default page load timeout: '30'

2023-09-08 07:56:56 - [MESSAGE][PASSED] - Element 'Object Repository/Profile/icon_order-history-profile' is visible

2023-09-08 07:56:56 - [TEST_STEP][PASSED] - verifyElementVisible(findTestObject("Profile/txt_order-history-profile"), 0): Element 'Object Repository/Profile/txt_order-history-profile' is visible

2023-09-08 07:56:56 - [MESSAGE][WARNING] - Timeout '0' is invalid. Using default page load timeout: '30'

2023-09-08 07:56:56 - [MESSAGE][PASSED] - Element 'Object Repository/Profile/txt_order-history-profile' is visible

2023-09-08 07:56:56 - [TEST_STEP][PASSED] - verifyElementVisible(findTestObject("Profile/btn_order-history-profile"), 0): Element 'Object Repository/Profile/btn_order-history-profile' is visible

2023-09-08 07:56:56 - [MESSAGE][WARNING] - Timeout '0' is invalid. Using default page load timeout: '30'

2023-09-08 07:56:56 - [MESSAGE][PASSED] - Element 'Object Repository/Profile/btn_order-history-profile' is visible

2023-09-08 07:56:56 - [TEST_STEP][PASSED] - verifyElementVisible(findTestObject("Profile/icon_rate-us-profile"), 0): Element 'Object Repository/Profile/icon_rate-us-profile' is visible

2023-09-08 07:56:56 - [MESSAGE][WARNING] - Timeout '0' is invalid. Using default page load timeout: '30'

2023-09-08 07:56:56 - [MESSAGE][PASSED] - Element 'Object Repository/Profile/icon_rate-us-profile' is visible

2023-09-08 07:56:56 - [TEST_STEP][PASSED] - verifyElementVisible(findTestObject("Profile/txt_rate-us-profile"), 0): Element 'Object Repository/Profile/txt_rate-us-profile' is visible

2023-09-08 07:56:56 - [MESSAGE][WARNING] - Timeout '0' is invalid. Using default page load timeout: '30'

2023-09-08 07:56:57 - [MESSAGE][PASSED] - Element 'Object Repository/Profile/txt_rate-us-profile' is visible

2023-09-08 07:56:57 - [TEST_STEP][PASSED] - verifyElementVisible(findTestObject("Profile/btn_rate-us-profile"), 0): Element 'Object Repository/Profile/btn_rate-us-profile' is visible

2023-09-08 07:56:57 - [MESSAGE][WARNING] - Timeout '0' is invalid. Using default page load timeout: '30'

2023-09-08 07:56:57 - [MESSAGE][PASSED] - Element 'Object Repository/Profile/btn_rate-us-profile' is visible

2023-09-08 07:56:57 - [TEST_STEP][PASSED] - verifyElementVisible(findTestObject("Profile/icon_share-profile"), 0): Element 'Object Repository/Profile/icon_share-profile' is visible

2023-09-08 07:56:57 - [MESSAGE][WARNING] - Timeout '0' is invalid. Using default page load timeout: '30'

2023-09-08 07:56:57 - [MESSAGE][PASSED] - Element 'Object Repository/Profile/icon_share-profile' is visible

2023-09-08 07:56:57 - [TEST_STEP][PASSED] - verifyElementVisible(findTestObject("Profile/txt_share-profile"), 0): Element 'Object Repository/Profile/txt_share-profile' is visible

2023-09-08 07:56:57 - [MESSAGE][WARNING] - Timeout '0' is invalid. Using default page load timeout: '30'

2023-09-08 07:56:57 - [MESSAGE][PASSED] - Element 'Object Repository/Profile/txt_share-profile' is visible

2023-09-08 07:56:57 - [TEST_STEP][PASSED] - verifyElementVisible(findTestObject("Profile/btn_share-profile"), 0): Element 'Object Repository/Profile/btn_share-profile' is visible

2023-09-08 07:56:57 - [MESSAGE][WARNING] - Timeout '0' is invalid. Using default page load timeout: '30'

2023-09-08 07:56:58 - [MESSAGE][PASSED] - Element 'Object Repository/Profile/btn_share-profile' is visible

2023-09-08 07:56:58 - [TEST_STEP][PASSED] - verifyElementVisible(findTestObject("Profile/icon_privacy-policy-profile"), 0): Element 'Object Repository/Profile/icon_privacy-policy-profile' is visible

2023-09-08 07:56:58 - [MESSAGE][WARNING] - Timeout '0' is invalid. Using default page load timeout: '30'

2023-09-08 07:56:58 - [MESSAGE][PASSED] - Element 'Object Repository/Profile/icon_privacy-policy-profile' is visible

2023-09-08 07:56:58 - [TEST_STEP][PASSED] - verifyElementVisible(findTestObject("Profile/txt_privacy-policy-profile"), 0): Element 'Object Repository/Profile/txt_privacy-policy-profile' is visible

2023-09-08 07:56:58 - [MESSAGE][WARNING] - Timeout '0' is invalid. Using default page load timeout: '30'

2023-09-08 07:56:58 - [MESSAGE][PASSED] - Element 'Object Repository/Profile/txt_privacy-policy-profile' is visible

2023-09-08 07:56:58 - [TEST_STEP][PASSED] - verifyElementVisible(findTestObject("Profile/btn_privacy-policy-profile"), 0): Element 'Object Repository/Profile/btn_privacy-policy-profile' is visible

2023-09-08 07:56:58 - [MESSAGE][WARNING] - Timeout '0' is invalid. Using default page load timeout: '30'

2023-09-08 07:56:58 - [MESSAGE][PASSED] - Element 'Object Repository/Profile/btn_privacy-policy-profile' is visible]]></system-out>
         <system-err><![CDATA[]]></system-err>
      </testcase>
      <testcase name="Test Cases/TC_Profile/TC2_Access-Edit-Profile-Page" time="15.803" classname="Test Cases/TC_Profile/TC2_Access-Edit-Profile-Page" status="PASSED">
         <system-out><![CDATA[2023-09-08 07:56:58 - [TEST_CASE][PASSED] - Test Cases/TC_Profile/TC2_Access-Edit-Profile-Page: Test Cases/TC_Profile/TC2_Access-Edit-Profile-Page

2023-09-08 07:56:59 - [TEST_STEP][PASSED] - callTestCase(findTestCase("TC_Profile/TC1_Access-Profile-Page"), [:], STOP_ON_FAILURE): Call Test Case 'Test Cases/TC_Profile/TC1_Access-Profile-Page' successfully

2023-09-08 07:56:59 - [TEST_CASE][PASSED] - Test Cases/TC_Profile/TC1_Access-Profile-Page: Test Cases/TC_Profile/TC1_Access-Profile-Page

2023-09-08 07:56:59 - [TEST_STEP][PASSED] - callTestCase(findTestCase("Reusable-Test/TC0_Launch-Exist-App"), [:], STOP_ON_FAILURE): Call Test Case 'Test Cases/Reusable-Test/TC0_Launch-Exist-App' successfully

2023-09-08 07:56:59 - [TEST_CASE][PASSED] - Test Cases/Reusable-Test/TC0_Launch-Exist-App: Test Cases/Reusable-Test/TC0_Launch-Exist-App

2023-09-08 07:56:59 - [TEST_STEP][PASSED] - startExistingApplication(application_id, STOP_ON_FAILURE): Starting app with application ID: 'com.solodroid.solomerce'

2023-09-08 07:57:07 - [MESSAGE][PASSED] - Starting app with application ID: 'com.solodroid.solomerce'

2023-09-08 07:57:07 - [MESSAGE][PASSED] - Call Test Case 'Test Cases/Reusable-Test/TC0_Launch-Exist-App' successfully

2023-09-08 07:57:07 - [TEST_STEP][PASSED] - verifyElementVisible(findTestObject("Profile/icon_navbar-profile"), 0): Element 'Object Repository/Profile/icon_navbar-profile' is visible

2023-09-08 07:57:07 - [MESSAGE][WARNING] - Timeout '0' is invalid. Using default page load timeout: '30'

2023-09-08 07:57:08 - [MESSAGE][PASSED] - Element 'Object Repository/Profile/icon_navbar-profile' is visible

2023-09-08 07:57:08 - [TEST_STEP][PASSED] - tap(findTestObject("Profile/btn_profile-navbar"), 0): Tapped on element 'Object Repository/Profile/btn_profile-navbar'

2023-09-08 07:57:08 - [MESSAGE][WARNING] - Timeout '0' is invalid. Using default page load timeout: '30'

2023-09-08 07:57:08 - [MESSAGE][PASSED] - Tapped on element 'Object Repository/Profile/btn_profile-navbar'

2023-09-08 07:57:08 - [TEST_STEP][PASSED] - extractedTitleProfile = getText(findTestObject("Profile/txt_title-page_profile"), 0): Text of element 'Object Repository/Profile/txt_title-page_profile' is: 'Profile'

2023-09-08 07:57:08 - [MESSAGE][WARNING] - Timeout '0' is invalid. Using default page load timeout: '30'

2023-09-08 07:57:08 - [MESSAGE][PASSED] - Text of element 'Object Repository/Profile/txt_title-page_profile' is: 'Profile'

2023-09-08 07:57:08 - [TEST_STEP][PASSED] - verifyEqual(extractedTitleProfile, "Profile"): Actual object 'Profile' and expected object 'Profile' are equal

2023-09-08 07:57:08 - [MESSAGE][PASSED] - Actual object 'Profile' and expected object 'Profile' are equal

2023-09-08 07:57:08 - [TEST_STEP][PASSED] - verifyElementVisible(findTestObject("Profile/btn_cart-profile"), 0): Element 'Object Repository/Profile/btn_cart-profile' is visible

2023-09-08 07:57:09 - [MESSAGE][WARNING] - Timeout '0' is invalid. Using default page load timeout: '30'

2023-09-08 07:57:09 - [MESSAGE][PASSED] - Element 'Object Repository/Profile/btn_cart-profile' is visible

2023-09-08 07:57:09 - [TEST_STEP][PASSED] - verifyElementVisible(findTestObject("Profile/txt_name-profile"), 0): Element 'Object Repository/Profile/txt_name-profile' is visible

2023-09-08 07:57:09 - [MESSAGE][WARNING] - Timeout '0' is invalid. Using default page load timeout: '30'

2023-09-08 07:57:09 - [MESSAGE][PASSED] - Element 'Object Repository/Profile/txt_name-profile' is visible

2023-09-08 07:57:09 - [TEST_STEP][PASSED] - verifyElementVisible(findTestObject("Profile/txt_email-profile"), 0): Element 'Object Repository/Profile/txt_email-profile' is visible

2023-09-08 07:57:09 - [MESSAGE][WARNING] - Timeout '0' is invalid. Using default page load timeout: '30'

2023-09-08 07:57:09 - [MESSAGE][PASSED] - Element 'Object Repository/Profile/txt_email-profile' is visible

2023-09-08 07:57:09 - [TEST_STEP][PASSED] - verifyElementVisible(findTestObject("Profile/txt_phone-number-profile"), 0): Element 'Object Repository/Profile/txt_phone-number-profile' is visible

2023-09-08 07:57:09 - [MESSAGE][WARNING] - Timeout '0' is invalid. Using default page load timeout: '30'

2023-09-08 07:57:09 - [MESSAGE][PASSED] - Element 'Object Repository/Profile/txt_phone-number-profile' is visible

2023-09-08 07:57:09 - [TEST_STEP][PASSED] - verifyElementVisible(findTestObject("Profile/txt_address-profile"), 0): Element 'Object Repository/Profile/txt_address-profile' is visible

2023-09-08 07:57:09 - [MESSAGE][WARNING] - Timeout '0' is invalid. Using default page load timeout: '30'

2023-09-08 07:57:09 - [MESSAGE][PASSED] - Element 'Object Repository/Profile/txt_address-profile' is visible

2023-09-08 07:57:09 - [TEST_STEP][PASSED] - verifyElementVisible(findTestObject("Profile/btn_edit-profile"), 0): Element 'Object Repository/Profile/btn_edit-profile' is visible

2023-09-08 07:57:09 - [MESSAGE][WARNING] - Timeout '0' is invalid. Using default page load timeout: '30'

2023-09-08 07:57:09 - [MESSAGE][PASSED] - Element 'Object Repository/Profile/btn_edit-profile' is visible

2023-09-08 07:57:09 - [TEST_STEP][PASSED] - verifyElementVisible(findTestObject("Profile/icon_order-history-profile"), 0): Element 'Object Repository/Profile/icon_order-history-profile' is visible

2023-09-08 07:57:10 - [MESSAGE][WARNING] - Timeout '0' is invalid. Using default page load timeout: '30'

2023-09-08 07:57:10 - [MESSAGE][PASSED] - Element 'Object Repository/Profile/icon_order-history-profile' is visible

2023-09-08 07:57:10 - [TEST_STEP][PASSED] - verifyElementVisible(findTestObject("Profile/txt_order-history-profile"), 0): Element 'Object Repository/Profile/txt_order-history-profile' is visible

2023-09-08 07:57:10 - [MESSAGE][WARNING] - Timeout '0' is invalid. Using default page load timeout: '30'

2023-09-08 07:57:10 - [MESSAGE][PASSED] - Element 'Object Repository/Profile/txt_order-history-profile' is visible

2023-09-08 07:57:10 - [TEST_STEP][PASSED] - verifyElementVisible(findTestObject("Profile/btn_order-history-profile"), 0): Element 'Object Repository/Profile/btn_order-history-profile' is visible

2023-09-08 07:57:10 - [MESSAGE][WARNING] - Timeout '0' is invalid. Using default page load timeout: '30'

2023-09-08 07:57:10 - [MESSAGE][PASSED] - Element 'Object Repository/Profile/btn_order-history-profile' is visible

2023-09-08 07:57:10 - [TEST_STEP][PASSED] - verifyElementVisible(findTestObject("Profile/icon_rate-us-profile"), 0): Element 'Object Repository/Profile/icon_rate-us-profile' is visible

2023-09-08 07:57:10 - [MESSAGE][WARNING] - Timeout '0' is invalid. Using default page load timeout: '30'

2023-09-08 07:57:10 - [MESSAGE][PASSED] - Element 'Object Repository/Profile/icon_rate-us-profile' is visible

2023-09-08 07:57:10 - [TEST_STEP][PASSED] - verifyElementVisible(findTestObject("Profile/txt_rate-us-profile"), 0): Element 'Object Repository/Profile/txt_rate-us-profile' is visible

2023-09-08 07:57:10 - [MESSAGE][WARNING] - Timeout '0' is invalid. Using default page load timeout: '30'

2023-09-08 07:57:11 - [MESSAGE][PASSED] - Element 'Object Repository/Profile/txt_rate-us-profile' is visible

2023-09-08 07:57:11 - [TEST_STEP][PASSED] - verifyElementVisible(findTestObject("Profile/btn_rate-us-profile"), 0): Element 'Object Repository/Profile/btn_rate-us-profile' is visible

2023-09-08 07:57:11 - [MESSAGE][WARNING] - Timeout '0' is invalid. Using default page load timeout: '30'

2023-09-08 07:57:11 - [MESSAGE][PASSED] - Element 'Object Repository/Profile/btn_rate-us-profile' is visible

2023-09-08 07:57:11 - [TEST_STEP][PASSED] - verifyElementVisible(findTestObject("Profile/icon_share-profile"), 0): Element 'Object Repository/Profile/icon_share-profile' is visible

2023-09-08 07:57:11 - [MESSAGE][WARNING] - Timeout '0' is invalid. Using default page load timeout: '30'

2023-09-08 07:57:11 - [MESSAGE][PASSED] - Element 'Object Repository/Profile/icon_share-profile' is visible

2023-09-08 07:57:11 - [TEST_STEP][PASSED] - verifyElementVisible(findTestObject("Profile/txt_share-profile"), 0): Element 'Object Repository/Profile/txt_share-profile' is visible

2023-09-08 07:57:11 - [MESSAGE][WARNING] - Timeout '0' is invalid. Using default page load timeout: '30'

2023-09-08 07:57:11 - [MESSAGE][PASSED] - Element 'Object Repository/Profile/txt_share-profile' is visible

2023-09-08 07:57:11 - [TEST_STEP][PASSED] - verifyElementVisible(findTestObject("Profile/btn_share-profile"), 0): Element 'Object Repository/Profile/btn_share-profile' is visible

2023-09-08 07:57:11 - [MESSAGE][WARNING] - Timeout '0' is invalid. Using default page load timeout: '30'

2023-09-08 07:57:11 - [MESSAGE][PASSED] - Element 'Object Repository/Profile/btn_share-profile' is visible

2023-09-08 07:57:11 - [TEST_STEP][PASSED] - verifyElementVisible(findTestObject("Profile/icon_privacy-policy-profile"), 0): Element 'Object Repository/Profile/icon_privacy-policy-profile' is visible

2023-09-08 07:57:11 - [MESSAGE][WARNING] - Timeout '0' is invalid. Using default page load timeout: '30'

2023-09-08 07:57:11 - [MESSAGE][PASSED] - Element 'Object Repository/Profile/icon_privacy-policy-profile' is visible

2023-09-08 07:57:11 - [TEST_STEP][PASSED] - verifyElementVisible(findTestObject("Profile/txt_privacy-policy-profile"), 0): Element 'Object Repository/Profile/txt_privacy-policy-profile' is visible

2023-09-08 07:57:11 - [MESSAGE][WARNING] - Timeout '0' is invalid. Using default page load timeout: '30'

2023-09-08 07:57:12 - [MESSAGE][PASSED] - Element 'Object Repository/Profile/txt_privacy-policy-profile' is visible

2023-09-08 07:57:12 - [TEST_STEP][PASSED] - verifyElementVisible(findTestObject("Profile/btn_privacy-policy-profile"), 0): Element 'Object Repository/Profile/btn_privacy-policy-profile' is visible

2023-09-08 07:57:12 - [MESSAGE][WARNING] - Timeout '0' is invalid. Using default page load timeout: '30'

2023-09-08 07:57:12 - [MESSAGE][PASSED] - Element 'Object Repository/Profile/btn_privacy-policy-profile' is visible

2023-09-08 07:57:12 - [MESSAGE][PASSED] - Call Test Case 'Test Cases/TC_Profile/TC1_Access-Profile-Page' successfully

2023-09-08 07:57:12 - [TEST_STEP][PASSED] - tap(findTestObject("Profile/btn_edit-profile"), 0): Tapped on element 'Object Repository/Profile/btn_edit-profile'

2023-09-08 07:57:12 - [MESSAGE][WARNING] - Timeout '0' is invalid. Using default page load timeout: '30'

2023-09-08 07:57:12 - [MESSAGE][PASSED] - Tapped on element 'Object Repository/Profile/btn_edit-profile'

2023-09-08 07:57:12 - [TEST_STEP][PASSED] - extractedTitleUserProfile = getText(findTestObject("Profile/Edit Profile/txt_title-user_profile-edit_profile"), 0): Text of element 'Object Repository/Profile/Edit Profile/txt_title-user_profile-edit_profile' is: 'User Profile'

2023-09-08 07:57:12 - [MESSAGE][WARNING] - Timeout '0' is invalid. Using default page load timeout: '30'

2023-09-08 07:57:13 - [MESSAGE][PASSED] - Text of element 'Object Repository/Profile/Edit Profile/txt_title-user_profile-edit_profile' is: 'User Profile'

2023-09-08 07:57:13 - [TEST_STEP][PASSED] - verifyEqual(extractedTitleUserProfile, "User Profile"): Actual object 'User Profile' and expected object 'User Profile' are equal

2023-09-08 07:57:13 - [MESSAGE][PASSED] - Actual object 'User Profile' and expected object 'User Profile' are equal

2023-09-08 07:57:13 - [TEST_STEP][PASSED] - verifyElementVisible(findTestObject("Profile/Edit Profile/txt_title-form-edit_profile"), 0): Element 'Object Repository/Profile/Edit Profile/txt_title-form-edit_profile' is visible

2023-09-08 07:57:13 - [MESSAGE][WARNING] - Timeout '0' is invalid. Using default page load timeout: '30'

2023-09-08 07:57:13 - [MESSAGE][PASSED] - Element 'Object Repository/Profile/Edit Profile/txt_title-form-edit_profile' is visible

2023-09-08 07:57:13 - [TEST_STEP][PASSED] - verifyElementVisible(findTestObject("Profile/Edit Profile/txt_title-name-section-edit_profile"), 0): Element 'Object Repository/Profile/Edit Profile/txt_title-name-section-edit_profile' is visible

2023-09-08 07:57:13 - [MESSAGE][WARNING] - Timeout '0' is invalid. Using default page load timeout: '30'

2023-09-08 07:57:13 - [MESSAGE][PASSED] - Element 'Object Repository/Profile/Edit Profile/txt_title-name-section-edit_profile' is visible

2023-09-08 07:57:13 - [TEST_STEP][PASSED] - verifyElementVisible(findTestObject("Profile/Edit Profile/txt_title-email-section-edit_profile"), 0): Element 'Object Repository/Profile/Edit Profile/txt_title-email-section-edit_profile' is visible

2023-09-08 07:57:13 - [MESSAGE][WARNING] - Timeout '0' is invalid. Using default page load timeout: '30'

2023-09-08 07:57:14 - [MESSAGE][PASSED] - Element 'Object Repository/Profile/Edit Profile/txt_title-email-section-edit_profile' is visible

2023-09-08 07:57:14 - [TEST_STEP][PASSED] - verifyElementVisible(findTestObject("Profile/Edit Profile/txt_title-phone-number-section-edit_profile"), 0): Element 'Object Repository/Profile/Edit Profile/txt_title-phone-number-section-edit_profile' is visible

2023-09-08 07:57:14 - [MESSAGE][WARNING] - Timeout '0' is invalid. Using default page load timeout: '30'

2023-09-08 07:57:14 - [MESSAGE][PASSED] - Element 'Object Repository/Profile/Edit Profile/txt_title-phone-number-section-edit_profile' is visible

2023-09-08 07:57:14 - [TEST_STEP][PASSED] - verifyElementVisible(findTestObject("Profile/Edit Profile/txt_title-address-section-edit_profile"), 0): Element 'Object Repository/Profile/Edit Profile/txt_title-address-section-edit_profile' is visible

2023-09-08 07:57:14 - [MESSAGE][WARNING] - Timeout '0' is invalid. Using default page load timeout: '30'

2023-09-08 07:57:14 - [MESSAGE][PASSED] - Element 'Object Repository/Profile/Edit Profile/txt_title-address-section-edit_profile' is visible

2023-09-08 07:57:14 - [TEST_STEP][PASSED] - tap(findTestObject("Profile/Edit Profile/btn_back-edit_profile"), 0): Tapped on element 'Object Repository/Profile/Edit Profile/btn_back-edit_profile'

2023-09-08 07:57:14 - [MESSAGE][WARNING] - Timeout '0' is invalid. Using default page load timeout: '30'

2023-09-08 07:57:14 - [MESSAGE][PASSED] - Tapped on element 'Object Repository/Profile/Edit Profile/btn_back-edit_profile']]></system-out>
         <system-err><![CDATA[]]></system-err>
      </testcase>
      <testcase name="Test Cases/TC_Profile/TC3_Edit-Profile-Page" time="22.184" classname="Test Cases/TC_Profile/TC3_Edit-Profile-Page" status="ERROR">
         <error type="ERROR" message="Test Cases/TC_Profile/TC3_Edit-Profile-Page FAILED.
Reason:
groovy.lang.MissingPropertyException: No such property: validEmail for class: internal.GlobalVariable
	at TC3_Edit-Profile-Page.run(TC3_Edit-Profile-Page:50)
	at com.kms.katalon.core.main.ScriptEngine.run(ScriptEngine.java:194)
	at com.kms.katalon.core.main.ScriptEngine.runScriptAsRawText(ScriptEngine.java:119)
	at com.kms.katalon.core.main.TestCaseExecutor.runScript(TestCaseExecutor.java:448)
	at com.kms.katalon.core.main.TestCaseExecutor.doExecute(TestCaseExecutor.java:439)
	at com.kms.katalon.core.main.TestCaseExecutor.processExecutionPhase(TestCaseExecutor.java:418)
	at com.kms.katalon.core.main.TestCaseExecutor.accessMainPhase(TestCaseExecutor.java:410)
	at com.kms.katalon.core.main.TestCaseExecutor.execute(TestCaseExecutor.java:285)
	at com.kms.katalon.core.common.CommonExecutor.accessTestCaseMainPhase(CommonExecutor.java:65)
	at com.kms.katalon.core.main.TestSuiteExecutor.accessTestSuiteMainPhase(TestSuiteExecutor.java:148)
	at com.kms.katalon.core.main.TestSuiteExecutor.execute(TestSuiteExecutor.java:106)
	at com.kms.katalon.core.main.TestCaseMain.startTestSuite(TestCaseMain.java:187)
	at com.kms.katalon.core.main.TestCaseMain$startTestSuite$0.call(Unknown Source)
	at TempTestSuite1694134584319.run(TempTestSuite1694134584319.groovy:36)
"/>
         <system-out><![CDATA[2023-09-08 07:57:14 - [TEST_CASE][ERROR] - Test Cases/TC_Profile/TC3_Edit-Profile-Page: Test Cases/TC_Profile/TC3_Edit-Profile-Page FAILED.
Reason:
groovy.lang.MissingPropertyException: No such property: validEmail for class: internal.GlobalVariable
	at TC3_Edit-Profile-Page.run(TC3_Edit-Profile-Page:50)
	at com.kms.katalon.core.main.ScriptEngine.run(ScriptEngine.java:194)
	at com.kms.katalon.core.main.ScriptEngine.runScriptAsRawText(ScriptEngine.java:119)
	at com.kms.katalon.core.main.TestCaseExecutor.runScript(TestCaseExecutor.java:448)
	at com.kms.katalon.core.main.TestCaseExecutor.doExecute(TestCaseExecutor.java:439)
	at com.kms.katalon.core.main.TestCaseExecutor.processExecutionPhase(TestCaseExecutor.java:418)
	at com.kms.katalon.core.main.TestCaseExecutor.accessMainPhase(TestCaseExecutor.java:410)
	at com.kms.katalon.core.main.TestCaseExecutor.execute(TestCaseExecutor.java:285)
	at com.kms.katalon.core.common.CommonExecutor.accessTestCaseMainPhase(CommonExecutor.java:65)
	at com.kms.katalon.core.main.TestSuiteExecutor.accessTestSuiteMainPhase(TestSuiteExecutor.java:148)
	at com.kms.katalon.core.main.TestSuiteExecutor.execute(TestSuiteExecutor.java:106)
	at com.kms.katalon.core.main.TestCaseMain.startTestSuite(TestCaseMain.java:187)
	at com.kms.katalon.core.main.TestCaseMain$startTestSuite$0.call(Unknown Source)
	at TempTestSuite1694134584319.run(TempTestSuite1694134584319.groovy:36)


2023-09-08 07:57:15 - [TEST_STEP][PASSED] - callTestCase(findTestCase("TC_Profile/TC2_Access-Edit-Profile-Page"), [:], STOP_ON_FAILURE): Call Test Case 'Test Cases/TC_Profile/TC2_Access-Edit-Profile-Page' successfully

2023-09-08 07:57:15 - [TEST_CASE][PASSED] - Test Cases/TC_Profile/TC2_Access-Edit-Profile-Page: Test Cases/TC_Profile/TC2_Access-Edit-Profile-Page

2023-09-08 07:57:15 - [TEST_STEP][PASSED] - callTestCase(findTestCase("TC_Profile/TC1_Access-Profile-Page"), [:], STOP_ON_FAILURE): Call Test Case 'Test Cases/TC_Profile/TC1_Access-Profile-Page' successfully

2023-09-08 07:57:15 - [TEST_CASE][PASSED] - Test Cases/TC_Profile/TC1_Access-Profile-Page: Test Cases/TC_Profile/TC1_Access-Profile-Page

2023-09-08 07:57:15 - [TEST_STEP][PASSED] - callTestCase(findTestCase("Reusable-Test/TC0_Launch-Exist-App"), [:], STOP_ON_FAILURE): Call Test Case 'Test Cases/Reusable-Test/TC0_Launch-Exist-App' successfully

2023-09-08 07:57:15 - [TEST_CASE][PASSED] - Test Cases/Reusable-Test/TC0_Launch-Exist-App: Test Cases/Reusable-Test/TC0_Launch-Exist-App

2023-09-08 07:57:15 - [TEST_STEP][PASSED] - startExistingApplication(application_id, STOP_ON_FAILURE): Starting app with application ID: 'com.solodroid.solomerce'

2023-09-08 07:57:22 - [MESSAGE][PASSED] - Starting app with application ID: 'com.solodroid.solomerce'

2023-09-08 07:57:22 - [MESSAGE][PASSED] - Call Test Case 'Test Cases/Reusable-Test/TC0_Launch-Exist-App' successfully

2023-09-08 07:57:22 - [TEST_STEP][PASSED] - verifyElementVisible(findTestObject("Profile/icon_navbar-profile"), 0): Element 'Object Repository/Profile/icon_navbar-profile' is visible

2023-09-08 07:57:22 - [MESSAGE][WARNING] - Timeout '0' is invalid. Using default page load timeout: '30'

2023-09-08 07:57:23 - [MESSAGE][PASSED] - Element 'Object Repository/Profile/icon_navbar-profile' is visible

2023-09-08 07:57:23 - [TEST_STEP][PASSED] - tap(findTestObject("Profile/btn_profile-navbar"), 0): Tapped on element 'Object Repository/Profile/btn_profile-navbar'

2023-09-08 07:57:23 - [MESSAGE][WARNING] - Timeout '0' is invalid. Using default page load timeout: '30'

2023-09-08 07:57:23 - [MESSAGE][PASSED] - Tapped on element 'Object Repository/Profile/btn_profile-navbar'

2023-09-08 07:57:23 - [TEST_STEP][PASSED] - extractedTitleProfile = getText(findTestObject("Profile/txt_title-page_profile"), 0): Text of element 'Object Repository/Profile/txt_title-page_profile' is: 'Profile'

2023-09-08 07:57:23 - [MESSAGE][WARNING] - Timeout '0' is invalid. Using default page load timeout: '30'

2023-09-08 07:57:24 - [MESSAGE][PASSED] - Text of element 'Object Repository/Profile/txt_title-page_profile' is: 'Profile'

2023-09-08 07:57:24 - [TEST_STEP][PASSED] - verifyEqual(extractedTitleProfile, "Profile"): Actual object 'Profile' and expected object 'Profile' are equal

2023-09-08 07:57:24 - [MESSAGE][PASSED] - Actual object 'Profile' and expected object 'Profile' are equal

2023-09-08 07:57:24 - [TEST_STEP][PASSED] - verifyElementVisible(findTestObject("Profile/btn_cart-profile"), 0): Element 'Object Repository/Profile/btn_cart-profile' is visible

2023-09-08 07:57:24 - [MESSAGE][WARNING] - Timeout '0' is invalid. Using default page load timeout: '30'

2023-09-08 07:57:24 - [MESSAGE][PASSED] - Element 'Object Repository/Profile/btn_cart-profile' is visible

2023-09-08 07:57:24 - [TEST_STEP][PASSED] - verifyElementVisible(findTestObject("Profile/txt_name-profile"), 0): Element 'Object Repository/Profile/txt_name-profile' is visible

2023-09-08 07:57:24 - [MESSAGE][WARNING] - Timeout '0' is invalid. Using default page load timeout: '30'

2023-09-08 07:57:24 - [MESSAGE][PASSED] - Element 'Object Repository/Profile/txt_name-profile' is visible

2023-09-08 07:57:24 - [TEST_STEP][PASSED] - verifyElementVisible(findTestObject("Profile/txt_email-profile"), 0): Element 'Object Repository/Profile/txt_email-profile' is visible

2023-09-08 07:57:24 - [MESSAGE][WARNING] - Timeout '0' is invalid. Using default page load timeout: '30'

2023-09-08 07:57:24 - [MESSAGE][PASSED] - Element 'Object Repository/Profile/txt_email-profile' is visible

2023-09-08 07:57:24 - [TEST_STEP][PASSED] - verifyElementVisible(findTestObject("Profile/txt_phone-number-profile"), 0): Element 'Object Repository/Profile/txt_phone-number-profile' is visible

2023-09-08 07:57:24 - [MESSAGE][WARNING] - Timeout '0' is invalid. Using default page load timeout: '30'

2023-09-08 07:57:24 - [MESSAGE][PASSED] - Element 'Object Repository/Profile/txt_phone-number-profile' is visible

2023-09-08 07:57:24 - [TEST_STEP][PASSED] - verifyElementVisible(findTestObject("Profile/txt_address-profile"), 0): Element 'Object Repository/Profile/txt_address-profile' is visible

2023-09-08 07:57:24 - [MESSAGE][WARNING] - Timeout '0' is invalid. Using default page load timeout: '30'

2023-09-08 07:57:24 - [MESSAGE][PASSED] - Element 'Object Repository/Profile/txt_address-profile' is visible

2023-09-08 07:57:24 - [TEST_STEP][PASSED] - verifyElementVisible(findTestObject("Profile/btn_edit-profile"), 0): Element 'Object Repository/Profile/btn_edit-profile' is visible

2023-09-08 07:57:24 - [MESSAGE][WARNING] - Timeout '0' is invalid. Using default page load timeout: '30'

2023-09-08 07:57:25 - [MESSAGE][PASSED] - Element 'Object Repository/Profile/btn_edit-profile' is visible

2023-09-08 07:57:25 - [TEST_STEP][PASSED] - verifyElementVisible(findTestObject("Profile/icon_order-history-profile"), 0): Element 'Object Repository/Profile/icon_order-history-profile' is visible

2023-09-08 07:57:25 - [MESSAGE][WARNING] - Timeout '0' is invalid. Using default page load timeout: '30'

2023-09-08 07:57:25 - [MESSAGE][PASSED] - Element 'Object Repository/Profile/icon_order-history-profile' is visible

2023-09-08 07:57:25 - [TEST_STEP][PASSED] - verifyElementVisible(findTestObject("Profile/txt_order-history-profile"), 0): Element 'Object Repository/Profile/txt_order-history-profile' is visible

2023-09-08 07:57:25 - [MESSAGE][WARNING] - Timeout '0' is invalid. Using default page load timeout: '30'

2023-09-08 07:57:25 - [MESSAGE][PASSED] - Element 'Object Repository/Profile/txt_order-history-profile' is visible

2023-09-08 07:57:25 - [TEST_STEP][PASSED] - verifyElementVisible(findTestObject("Profile/btn_order-history-profile"), 0): Element 'Object Repository/Profile/btn_order-history-profile' is visible

2023-09-08 07:57:25 - [MESSAGE][WARNING] - Timeout '0' is invalid. Using default page load timeout: '30'

2023-09-08 07:57:25 - [MESSAGE][PASSED] - Element 'Object Repository/Profile/btn_order-history-profile' is visible

2023-09-08 07:57:25 - [TEST_STEP][PASSED] - verifyElementVisible(findTestObject("Profile/icon_rate-us-profile"), 0): Element 'Object Repository/Profile/icon_rate-us-profile' is visible

2023-09-08 07:57:25 - [MESSAGE][WARNING] - Timeout '0' is invalid. Using default page load timeout: '30'

2023-09-08 07:57:25 - [MESSAGE][PASSED] - Element 'Object Repository/Profile/icon_rate-us-profile' is visible

2023-09-08 07:57:25 - [TEST_STEP][PASSED] - verifyElementVisible(findTestObject("Profile/txt_rate-us-profile"), 0): Element 'Object Repository/Profile/txt_rate-us-profile' is visible

2023-09-08 07:57:25 - [MESSAGE][WARNING] - Timeout '0' is invalid. Using default page load timeout: '30'

2023-09-08 07:57:26 - [MESSAGE][PASSED] - Element 'Object Repository/Profile/txt_rate-us-profile' is visible

2023-09-08 07:57:26 - [TEST_STEP][PASSED] - verifyElementVisible(findTestObject("Profile/btn_rate-us-profile"), 0): Element 'Object Repository/Profile/btn_rate-us-profile' is visible

2023-09-08 07:57:26 - [MESSAGE][WARNING] - Timeout '0' is invalid. Using default page load timeout: '30'

2023-09-08 07:57:26 - [MESSAGE][PASSED] - Element 'Object Repository/Profile/btn_rate-us-profile' is visible

2023-09-08 07:57:26 - [TEST_STEP][PASSED] - verifyElementVisible(findTestObject("Profile/icon_share-profile"), 0): Element 'Object Repository/Profile/icon_share-profile' is visible

2023-09-08 07:57:26 - [MESSAGE][WARNING] - Timeout '0' is invalid. Using default page load timeout: '30'

2023-09-08 07:57:26 - [MESSAGE][PASSED] - Element 'Object Repository/Profile/icon_share-profile' is visible

2023-09-08 07:57:26 - [TEST_STEP][PASSED] - verifyElementVisible(findTestObject("Profile/txt_share-profile"), 0): Element 'Object Repository/Profile/txt_share-profile' is visible

2023-09-08 07:57:26 - [MESSAGE][WARNING] - Timeout '0' is invalid. Using default page load timeout: '30'

2023-09-08 07:57:26 - [MESSAGE][PASSED] - Element 'Object Repository/Profile/txt_share-profile' is visible

2023-09-08 07:57:26 - [TEST_STEP][PASSED] - verifyElementVisible(findTestObject("Profile/btn_share-profile"), 0): Element 'Object Repository/Profile/btn_share-profile' is visible

2023-09-08 07:57:26 - [MESSAGE][WARNING] - Timeout '0' is invalid. Using default page load timeout: '30'

2023-09-08 07:57:26 - [MESSAGE][PASSED] - Element 'Object Repository/Profile/btn_share-profile' is visible

2023-09-08 07:57:26 - [TEST_STEP][PASSED] - verifyElementVisible(findTestObject("Profile/icon_privacy-policy-profile"), 0): Element 'Object Repository/Profile/icon_privacy-policy-profile' is visible

2023-09-08 07:57:26 - [MESSAGE][WARNING] - Timeout '0' is invalid. Using default page load timeout: '30'

2023-09-08 07:57:26 - [MESSAGE][PASSED] - Element 'Object Repository/Profile/icon_privacy-policy-profile' is visible

2023-09-08 07:57:27 - [TEST_STEP][PASSED] - verifyElementVisible(findTestObject("Profile/txt_privacy-policy-profile"), 0): Element 'Object Repository/Profile/txt_privacy-policy-profile' is visible

2023-09-08 07:57:27 - [MESSAGE][WARNING] - Timeout '0' is invalid. Using default page load timeout: '30'

2023-09-08 07:57:27 - [MESSAGE][PASSED] - Element 'Object Repository/Profile/txt_privacy-policy-profile' is visible

2023-09-08 07:57:27 - [TEST_STEP][PASSED] - verifyElementVisible(findTestObject("Profile/btn_privacy-policy-profile"), 0): Element 'Object Repository/Profile/btn_privacy-policy-profile' is visible

2023-09-08 07:57:27 - [MESSAGE][WARNING] - Timeout '0' is invalid. Using default page load timeout: '30'

2023-09-08 07:57:27 - [MESSAGE][PASSED] - Element 'Object Repository/Profile/btn_privacy-policy-profile' is visible

2023-09-08 07:57:27 - [MESSAGE][PASSED] - Call Test Case 'Test Cases/TC_Profile/TC1_Access-Profile-Page' successfully

2023-09-08 07:57:27 - [TEST_STEP][PASSED] - tap(findTestObject("Profile/btn_edit-profile"), 0): Tapped on element 'Object Repository/Profile/btn_edit-profile'

2023-09-08 07:57:27 - [MESSAGE][WARNING] - Timeout '0' is invalid. Using default page load timeout: '30'

2023-09-08 07:57:27 - [MESSAGE][PASSED] - Tapped on element 'Object Repository/Profile/btn_edit-profile'

2023-09-08 07:57:27 - [TEST_STEP][PASSED] - extractedTitleUserProfile = getText(findTestObject("Profile/Edit Profile/txt_title-user_profile-edit_profile"), 0): Text of element 'Object Repository/Profile/Edit Profile/txt_title-user_profile-edit_profile' is: 'User Profile'

2023-09-08 07:57:27 - [MESSAGE][WARNING] - Timeout '0' is invalid. Using default page load timeout: '30'

2023-09-08 07:57:28 - [MESSAGE][PASSED] - Text of element 'Object Repository/Profile/Edit Profile/txt_title-user_profile-edit_profile' is: 'User Profile'

2023-09-08 07:57:28 - [TEST_STEP][PASSED] - verifyEqual(extractedTitleUserProfile, "User Profile"): Actual object 'User Profile' and expected object 'User Profile' are equal

2023-09-08 07:57:28 - [MESSAGE][PASSED] - Actual object 'User Profile' and expected object 'User Profile' are equal

2023-09-08 07:57:28 - [TEST_STEP][PASSED] - verifyElementVisible(findTestObject("Profile/Edit Profile/txt_title-form-edit_profile"), 0): Element 'Object Repository/Profile/Edit Profile/txt_title-form-edit_profile' is visible

2023-09-08 07:57:28 - [MESSAGE][WARNING] - Timeout '0' is invalid. Using default page load timeout: '30'

2023-09-08 07:57:28 - [MESSAGE][PASSED] - Element 'Object Repository/Profile/Edit Profile/txt_title-form-edit_profile' is visible

2023-09-08 07:57:28 - [TEST_STEP][PASSED] - verifyElementVisible(findTestObject("Profile/Edit Profile/txt_title-name-section-edit_profile"), 0): Element 'Object Repository/Profile/Edit Profile/txt_title-name-section-edit_profile' is visible

2023-09-08 07:57:28 - [MESSAGE][WARNING] - Timeout '0' is invalid. Using default page load timeout: '30'

2023-09-08 07:57:28 - [MESSAGE][PASSED] - Element 'Object Repository/Profile/Edit Profile/txt_title-name-section-edit_profile' is visible

2023-09-08 07:57:28 - [TEST_STEP][PASSED] - verifyElementVisible(findTestObject("Profile/Edit Profile/txt_title-email-section-edit_profile"), 0): Element 'Object Repository/Profile/Edit Profile/txt_title-email-section-edit_profile' is visible

2023-09-08 07:57:28 - [MESSAGE][WARNING] - Timeout '0' is invalid. Using default page load timeout: '30'

2023-09-08 07:57:29 - [MESSAGE][PASSED] - Element 'Object Repository/Profile/Edit Profile/txt_title-email-section-edit_profile' is visible

2023-09-08 07:57:29 - [TEST_STEP][PASSED] - verifyElementVisible(findTestObject("Profile/Edit Profile/txt_title-phone-number-section-edit_profile"), 0): Element 'Object Repository/Profile/Edit Profile/txt_title-phone-number-section-edit_profile' is visible

2023-09-08 07:57:29 - [MESSAGE][WARNING] - Timeout '0' is invalid. Using default page load timeout: '30'

2023-09-08 07:57:29 - [MESSAGE][PASSED] - Element 'Object Repository/Profile/Edit Profile/txt_title-phone-number-section-edit_profile' is visible

2023-09-08 07:57:29 - [TEST_STEP][PASSED] - verifyElementVisible(findTestObject("Profile/Edit Profile/txt_title-address-section-edit_profile"), 0): Element 'Object Repository/Profile/Edit Profile/txt_title-address-section-edit_profile' is visible

2023-09-08 07:57:29 - [MESSAGE][WARNING] - Timeout '0' is invalid. Using default page load timeout: '30'

2023-09-08 07:57:29 - [MESSAGE][PASSED] - Element 'Object Repository/Profile/Edit Profile/txt_title-address-section-edit_profile' is visible

2023-09-08 07:57:29 - [TEST_STEP][PASSED] - tap(findTestObject("Profile/Edit Profile/btn_back-edit_profile"), 0): Tapped on element 'Object Repository/Profile/Edit Profile/btn_back-edit_profile'

2023-09-08 07:57:29 - [MESSAGE][WARNING] - Timeout '0' is invalid. Using default page load timeout: '30'

2023-09-08 07:57:29 - [MESSAGE][PASSED] - Tapped on element 'Object Repository/Profile/Edit Profile/btn_back-edit_profile'

2023-09-08 07:57:29 - [MESSAGE][PASSED] - Call Test Case 'Test Cases/TC_Profile/TC2_Access-Edit-Profile-Page' successfully

2023-09-08 07:57:29 - [TEST_STEP][PASSED] - tap(findTestObject("Profile/btn_edit-profile"), 0): Tapped on element 'Object Repository/Profile/btn_edit-profile'

2023-09-08 07:57:29 - [MESSAGE][WARNING] - Timeout '0' is invalid. Using default page load timeout: '30'

2023-09-08 07:57:31 - [MESSAGE][PASSED] - Tapped on element 'Object Repository/Profile/btn_edit-profile'

2023-09-08 07:57:31 - [TEST_STEP][PASSED] - tap(findTestObject("Profile/Edit Profile/btn_name-section-edit_profile"), 0): Tapped on element 'Object Repository/Profile/Edit Profile/btn_name-section-edit_profile'

2023-09-08 07:57:31 - [MESSAGE][WARNING] - Timeout '0' is invalid. Using default page load timeout: '30'

2023-09-08 07:57:32 - [MESSAGE][PASSED] - Tapped on element 'Object Repository/Profile/Edit Profile/btn_name-section-edit_profile'

2023-09-08 07:57:32 - [TEST_STEP][PASSED] - verifyElementVisible(findTestObject("Profile/Edit Profile/Section/Name/card_name-form-edit_profile"), 0): Element 'Object Repository/Profile/Edit Profile/Section/Name/card_name-form-edit_profile' is visible

2023-09-08 07:57:33 - [MESSAGE][WARNING] - Timeout '0' is invalid. Using default page load timeout: '30'

2023-09-08 07:57:33 - [MESSAGE][PASSED] - Element 'Object Repository/Profile/Edit Profile/Section/Name/card_name-form-edit_profile' is visible

2023-09-08 07:57:33 - [TEST_STEP][PASSED] - verifyElementVisible(findTestObject("Profile/Edit Profile/Section/Name/txt_title-card-name-edit_profile"), 0): Element 'Object Repository/Profile/Edit Profile/Section/Name/txt_title-card-name-edit_profile' is visible

2023-09-08 07:57:33 - [MESSAGE][WARNING] - Timeout '0' is invalid. Using default page load timeout: '30'

2023-09-08 07:57:33 - [MESSAGE][PASSED] - Element 'Object Repository/Profile/Edit Profile/Section/Name/txt_title-card-name-edit_profile' is visible

2023-09-08 07:57:33 - [TEST_STEP][PASSED] - verifyElementVisible(findTestObject("Profile/Edit Profile/Section/Name/btn_cancel-name-form-edit_profile"), 0): Element 'Object Repository/Profile/Edit Profile/Section/Name/btn_cancel-name-form-edit_profile' is visible

2023-09-08 07:57:33 - [MESSAGE][WARNING] - Timeout '0' is invalid. Using default page load timeout: '30'

2023-09-08 07:57:33 - [MESSAGE][PASSED] - Element 'Object Repository/Profile/Edit Profile/Section/Name/btn_cancel-name-form-edit_profile' is visible

2023-09-08 07:57:33 - [TEST_STEP][PASSED] - verifyElementVisible(findTestObject("Profile/Edit Profile/Section/Name/btn_ok-name-form-edit_profile"), 0): Element 'Object Repository/Profile/Edit Profile/Section/Name/btn_ok-name-form-edit_profile' is visible

2023-09-08 07:57:33 - [MESSAGE][WARNING] - Timeout '0' is invalid. Using default page load timeout: '30'

2023-09-08 07:57:33 - [MESSAGE][PASSED] - Element 'Object Repository/Profile/Edit Profile/Section/Name/btn_ok-name-form-edit_profile' is visible

2023-09-08 07:57:33 - [TEST_STEP][PASSED] - setText(findTestObject("Profile/Edit Profile/Section/Name/input_name-form-edit_profile"), name, 0): Text 'internal.GlobalVariable' has been set to element 'Object Repository/Profile/Edit Profile/Section/Name/input_name-form-edit_profile'

2023-09-08 07:57:33 - [MESSAGE][WARNING] - Timeout '0' is invalid. Using default page load timeout: '30'

2023-09-08 07:57:34 - [MESSAGE][PASSED] - Text 'internal.GlobalVariable' has been set to element 'Object Repository/Profile/Edit Profile/Section/Name/input_name-form-edit_profile'

2023-09-08 07:57:34 - [TEST_STEP][PASSED] - tap(findTestObject("Profile/Edit Profile/Section/Name/btn_ok-name-form-edit_profile"), 0): Tapped on element 'Object Repository/Profile/Edit Profile/Section/Name/btn_ok-name-form-edit_profile'

2023-09-08 07:57:34 - [MESSAGE][WARNING] - Timeout '0' is invalid. Using default page load timeout: '30'

2023-09-08 07:57:34 - [MESSAGE][PASSED] - Tapped on element 'Object Repository/Profile/Edit Profile/Section/Name/btn_ok-name-form-edit_profile'

2023-09-08 07:57:34 - [TEST_STEP][PASSED] - tap(findTestObject("Profile/Edit Profile/btn_email-section-edit_profile"), 0): Tapped on element 'Object Repository/Profile/Edit Profile/btn_email-section-edit_profile'

2023-09-08 07:57:34 - [MESSAGE][WARNING] - Timeout '0' is invalid. Using default page load timeout: '30'

2023-09-08 07:57:36 - [MESSAGE][PASSED] - Tapped on element 'Object Repository/Profile/Edit Profile/btn_email-section-edit_profile'

2023-09-08 07:57:36 - [TEST_STEP][PASSED] - verifyElementVisible(findTestObject("Profile/Edit Profile/Section/Email/card_email-form-edit_profile"), 0): Element 'Object Repository/Profile/Edit Profile/Section/Email/card_email-form-edit_profile' is visible

2023-09-08 07:57:36 - [MESSAGE][WARNING] - Timeout '0' is invalid. Using default page load timeout: '30'

2023-09-08 07:57:36 - [MESSAGE][PASSED] - Element 'Object Repository/Profile/Edit Profile/Section/Email/card_email-form-edit_profile' is visible

2023-09-08 07:57:36 - [TEST_STEP][PASSED] - verifyElementVisible(findTestObject("Profile/Edit Profile/Section/Email/txt_title-card-email-edit_profile"), 0): Element 'Object Repository/Profile/Edit Profile/Section/Email/txt_title-card-email-edit_profile' is visible

2023-09-08 07:57:36 - [MESSAGE][WARNING] - Timeout '0' is invalid. Using default page load timeout: '30'

2023-09-08 07:57:36 - [MESSAGE][PASSED] - Element 'Object Repository/Profile/Edit Profile/Section/Email/txt_title-card-email-edit_profile' is visible

2023-09-08 07:57:36 - [TEST_STEP][PASSED] - verifyElementVisible(findTestObject("Profile/Edit Profile/Section/Email/btn_cancel-email-form-edit_profile"), 0): Element 'Object Repository/Profile/Edit Profile/Section/Email/btn_cancel-email-form-edit_profile' is visible

2023-09-08 07:57:36 - [MESSAGE][WARNING] - Timeout '0' is invalid. Using default page load timeout: '30'

2023-09-08 07:57:36 - [MESSAGE][PASSED] - Element 'Object Repository/Profile/Edit Profile/Section/Email/btn_cancel-email-form-edit_profile' is visible

2023-09-08 07:57:36 - [TEST_STEP][PASSED] - verifyElementVisible(findTestObject("Profile/Edit Profile/Section/Email/btn_ok-email-form-edit_profile"), 0): Element 'Object Repository/Profile/Edit Profile/Section/Email/btn_ok-email-form-edit_profile' is visible

2023-09-08 07:57:36 - [MESSAGE][WARNING] - Timeout '0' is invalid. Using default page load timeout: '30'

2023-09-08 07:57:36 - [MESSAGE][PASSED] - Element 'Object Repository/Profile/Edit Profile/Section/Email/btn_ok-email-form-edit_profile' is visible

2023-09-08 07:57:36 - [TEST_STEP][ERROR] - setText(findTestObject("Profile/Edit Profile/Section/Email/input_email-form-edit_profile"), validEmail, 0): Test Cases/TC_Profile/TC3_Edit-Profile-Page FAILED.
Reason:
groovy.lang.MissingPropertyException: No such property: validEmail for class: internal.GlobalVariable
	at TC3_Edit-Profile-Page.run(TC3_Edit-Profile-Page:50)
	at com.kms.katalon.core.main.ScriptEngine.run(ScriptEngine.java:194)
	at com.kms.katalon.core.main.ScriptEngine.runScriptAsRawText(ScriptEngine.java:119)
	at com.kms.katalon.core.main.TestCaseExecutor.runScript(TestCaseExecutor.java:448)
	at com.kms.katalon.core.main.TestCaseExecutor.doExecute(TestCaseExecutor.java:439)
	at com.kms.katalon.core.main.TestCaseExecutor.processExecutionPhase(TestCaseExecutor.java:418)
	at com.kms.katalon.core.main.TestCaseExecutor.accessMainPhase(TestCaseExecutor.java:410)
	at com.kms.katalon.core.main.TestCaseExecutor.execute(TestCaseExecutor.java:285)
	at com.kms.katalon.core.common.CommonExecutor.accessTestCaseMainPhase(CommonExecutor.java:65)
	at com.kms.katalon.core.main.TestSuiteExecutor.accessTestSuiteMainPhase(TestSuiteExecutor.java:148)
	at com.kms.katalon.core.main.TestSuiteExecutor.execute(TestSuiteExecutor.java:106)
	at com.kms.katalon.core.main.TestCaseMain.startTestSuite(TestCaseMain.java:187)
	at com.kms.katalon.core.main.TestCaseMain$startTestSuite$0.call(Unknown Source)
	at TempTestSuite1694134584319.run(TempTestSuite1694134584319.groovy:36)


2023-09-08 07:57:36 - [MESSAGE][ERROR] - Test Cases/TC_Profile/TC3_Edit-Profile-Page FAILED.
Reason:
groovy.lang.MissingPropertyException: No such property: validEmail for class: internal.GlobalVariable
	at TC3_Edit-Profile-Page.run(TC3_Edit-Profile-Page:50)
	at com.kms.katalon.core.main.ScriptEngine.run(ScriptEngine.java:194)
	at com.kms.katalon.core.main.ScriptEngine.runScriptAsRawText(ScriptEngine.java:119)
	at com.kms.katalon.core.main.TestCaseExecutor.runScript(TestCaseExecutor.java:448)
	at com.kms.katalon.core.main.TestCaseExecutor.doExecute(TestCaseExecutor.java:439)
	at com.kms.katalon.core.main.TestCaseExecutor.processExecutionPhase(TestCaseExecutor.java:418)
	at com.kms.katalon.core.main.TestCaseExecutor.accessMainPhase(TestCaseExecutor.java:410)
	at com.kms.katalon.core.main.TestCaseExecutor.execute(TestCaseExecutor.java:285)
	at com.kms.katalon.core.common.CommonExecutor.accessTestCaseMainPhase(CommonExecutor.java:65)
	at com.kms.katalon.core.main.TestSuiteExecutor.accessTestSuiteMainPhase(TestSuiteExecutor.java:148)
	at com.kms.katalon.core.main.TestSuiteExecutor.execute(TestSuiteExecutor.java:106)
	at com.kms.katalon.core.main.TestCaseMain.startTestSuite(TestCaseMain.java:187)
	at com.kms.katalon.core.main.TestCaseMain$startTestSuite$0.call(Unknown Source)
	at TempTestSuite1694134584319.run(TempTestSuite1694134584319.groovy:36)]]></system-out>
         <system-err><![CDATA[2023-09-08 07:57:14 - [TEST_CASE][ERROR] - Test Cases/TC_Profile/TC3_Edit-Profile-Page: Test Cases/TC_Profile/TC3_Edit-Profile-Page FAILED.
Reason:
groovy.lang.MissingPropertyException: No such property: validEmail for class: internal.GlobalVariable
	at TC3_Edit-Profile-Page.run(TC3_Edit-Profile-Page:50)
	at com.kms.katalon.core.main.ScriptEngine.run(ScriptEngine.java:194)
	at com.kms.katalon.core.main.ScriptEngine.runScriptAsRawText(ScriptEngine.java:119)
	at com.kms.katalon.core.main.TestCaseExecutor.runScript(TestCaseExecutor.java:448)
	at com.kms.katalon.core.main.TestCaseExecutor.doExecute(TestCaseExecutor.java:439)
	at com.kms.katalon.core.main.TestCaseExecutor.processExecutionPhase(TestCaseExecutor.java:418)
	at com.kms.katalon.core.main.TestCaseExecutor.accessMainPhase(TestCaseExecutor.java:410)
	at com.kms.katalon.core.main.TestCaseExecutor.execute(TestCaseExecutor.java:285)
	at com.kms.katalon.core.common.CommonExecutor.accessTestCaseMainPhase(CommonExecutor.java:65)
	at com.kms.katalon.core.main.TestSuiteExecutor.accessTestSuiteMainPhase(TestSuiteExecutor.java:148)
	at com.kms.katalon.core.main.TestSuiteExecutor.execute(TestSuiteExecutor.java:106)
	at com.kms.katalon.core.main.TestCaseMain.startTestSuite(TestCaseMain.java:187)
	at com.kms.katalon.core.main.TestCaseMain$startTestSuite$0.call(Unknown Source)
	at TempTestSuite1694134584319.run(TempTestSuite1694134584319.groovy:36)]]></system-err>
      </testcase>
      <system-out><![CDATA[2023-09-08 07:56:27 - [TEST_SUITE][ERROR] - TS1_Profile: Test Cases/TC_Profile/TC3_Edit-Profile-Page FAILED.
Reason:
groovy.lang.MissingPropertyException: No such property: validEmail for class: internal.GlobalVariable
	at TC3_Edit-Profile-Page.run(TC3_Edit-Profile-Page:50)
	at com.kms.katalon.core.main.ScriptEngine.run(ScriptEngine.java:194)
	at com.kms.katalon.core.main.ScriptEngine.runScriptAsRawText(ScriptEngine.java:119)
	at com.kms.katalon.core.main.TestCaseExecutor.runScript(TestCaseExecutor.java:448)
	at com.kms.katalon.core.main.TestCaseExecutor.doExecute(TestCaseExecutor.java:439)
	at com.kms.katalon.core.main.TestCaseExecutor.processExecutionPhase(TestCaseExecutor.java:418)
	at com.kms.katalon.core.main.TestCaseExecutor.accessMainPhase(TestCaseExecutor.java:410)
	at com.kms.katalon.core.main.TestCaseExecutor.execute(TestCaseExecutor.java:285)
	at com.kms.katalon.core.common.CommonExecutor.accessTestCaseMainPhase(CommonExecutor.java:65)
	at com.kms.katalon.core.main.TestSuiteExecutor.accessTestSuiteMainPhase(TestSuiteExecutor.java:148)
	at com.kms.katalon.core.main.TestSuiteExecutor.execute(TestSuiteExecutor.java:106)
	at com.kms.katalon.core.main.TestCaseMain.startTestSuite(TestCaseMain.java:187)
	at com.kms.katalon.core.main.TestCaseMain$startTestSuite$0.call(Unknown Source)
	at TempTestSuite1694134584319.run(TempTestSuite1694134584319.groovy:36)]]></system-out>
      <system-err><![CDATA[2023-09-08 07:56:27 - [TEST_SUITE][ERROR] - TS1_Profile: Test Cases/TC_Profile/TC3_Edit-Profile-Page FAILED.
Reason:
groovy.lang.MissingPropertyException: No such property: validEmail for class: internal.GlobalVariable
	at TC3_Edit-Profile-Page.run(TC3_Edit-Profile-Page:50)
	at com.kms.katalon.core.main.ScriptEngine.run(ScriptEngine.java:194)
	at com.kms.katalon.core.main.ScriptEngine.runScriptAsRawText(ScriptEngine.java:119)
	at com.kms.katalon.core.main.TestCaseExecutor.runScript(TestCaseExecutor.java:448)
	at com.kms.katalon.core.main.TestCaseExecutor.doExecute(TestCaseExecutor.java:439)
	at com.kms.katalon.core.main.TestCaseExecutor.processExecutionPhase(TestCaseExecutor.java:418)
	at com.kms.katalon.core.main.TestCaseExecutor.accessMainPhase(TestCaseExecutor.java:410)
	at com.kms.katalon.core.main.TestCaseExecutor.execute(TestCaseExecutor.java:285)
	at com.kms.katalon.core.common.CommonExecutor.accessTestCaseMainPhase(CommonExecutor.java:65)
	at com.kms.katalon.core.main.TestSuiteExecutor.accessTestSuiteMainPhase(TestSuiteExecutor.java:148)
	at com.kms.katalon.core.main.TestSuiteExecutor.execute(TestSuiteExecutor.java:106)
	at com.kms.katalon.core.main.TestCaseMain.startTestSuite(TestCaseMain.java:187)
	at com.kms.katalon.core.main.TestCaseMain$startTestSuite$0.call(Unknown Source)
	at TempTestSuite1694134584319.run(TempTestSuite1694134584319.groovy:36)]]></system-err>
   </testsuite>
</testsuites>
