<?xml version="1.0" encoding="UTF-8"?>
<testsuites name="TS2_Cart" time="86.96" tests="3" failures="1" errors="0">
   <testsuite name="TS2_Cart" tests="3" failures="1" errors="0" time="86.96" skipped="0" timestamp="2023-09-08 11:20:27" hostname="Najwa - LAPTOP-TSBSMC4J.local" id="Test Suites/Cart/TS2_Cart">
      <properties>
         <property name="deviceName" value="emulator-5554 (sdk_gphone_x86 - Android 11)"/>
         <property name="devicePlatform" value=""/>
         <property name="logFolder" value="D:\\4 -- QA Automation\\Hacktiv8\\Assignment 3\\Mobile Testing\\Katalon\\Katalon-Mobile-Testing\\Reports\\20230908_112023\\Cart\\TS2_Cart\\20230908_112023"/>
         <property name="logFiles" value="D:\\4 -- QA Automation\\Hacktiv8\\Assignment 3\\Mobile Testing\\Katalon\\Katalon-Mobile-Testing\\Reports\\20230908_112023\\Cart\\TS2_Cart\\20230908_112023\\appium.log, D:\\4 -- QA Automation\\Hacktiv8\\Assignment 3\\Mobile Testing\\Katalon\\Katalon-Mobile-Testing\\Reports\\20230908_112023\\Cart\\TS2_Cart\\20230908_112023\\execution0.log"/>
         <property name="attachments" value="D:\\4 -- QA Automation\\Hacktiv8\\Assignment 3\\Mobile Testing\\Katalon\\Katalon-Mobile-Testing\\Reports\\20230908_112023\\Cart\\TS2_Cart\\20230908_112023\\1694146913027.png"/>
         <property name="hostName" value="Najwa - LAPTOP-TSBSMC4J.local"/>
         <property name="os" value="Windows 11 64bit"/>
         <property name="appiumServerStatus" value="{&quot;value&quot;:{&quot;build&quot;:{&quot;version&quot;:&quot;1.22.3&quot;}},&quot;sessionId&quot;:null,&quot;status&quot;:0}"/>
         <property name="katalonVersion" value="8.6.5.208"/>
         <property name="deviceOS" value="Android"/>
         <property name="appiumVersion" value="1.22.3"/>
         <property name="deviceModel" value="sdk_gphone_x86"/>
         <property name="hostAddress" value="192.168.1.5"/>
         <property name="deviceManufacturer" value="Google"/>
         <property name="deviceId" value="emulator-5554"/>
         <property name="deviceName" value="emulator-5554 (sdk_gphone_x86 - Android 11)"/>
         <property name="deviceOSVersion" value="11"/>
      </properties>
      <testcase name="Test Cases/TC_Cart/TC1_Access-Empty-Cart" time="18.944" classname="Test Cases/TC_Cart/TC1_Access-Empty-Cart" status="PASSED">
         <system-out><![CDATA[2023-09-08 11:20:27 - [TEST_CASE][PASSED] - Test Cases/TC_Cart/TC1_Access-Empty-Cart: Test Cases/TC_Cart/TC1_Access-Empty-Cart

2023-09-08 11:20:27 - [TEST_STEP][PASSED] - callTestCase(findTestCase("Reusable-Test/TC0_Launch-Exist-App"), [:], STOP_ON_FAILURE): Call Test Case 'Test Cases/Reusable-Test/TC0_Launch-Exist-App' successfully

2023-09-08 11:20:27 - [TEST_CASE][PASSED] - Test Cases/Reusable-Test/TC0_Launch-Exist-App: Test Cases/Reusable-Test/TC0_Launch-Exist-App

2023-09-08 11:20:27 - [TEST_STEP][PASSED] - startExistingApplication(application_id, STOP_ON_FAILURE): Starting app with application ID: 'com.solodroid.solomerce'

2023-09-08 11:20:28 - [MESSAGE][INFO] - Detected NodeJS location: "C:\Program Files\nodejs\node.exe"

2023-09-08 11:20:30 - [MESSAGE][INFO] - Appium server started on port 50,586

2023-09-08 11:20:43 - [MESSAGE][PASSED] - Starting app with application ID: 'com.solodroid.solomerce'

2023-09-08 11:20:43 - [MESSAGE][PASSED] - Call Test Case 'Test Cases/Reusable-Test/TC0_Launch-Exist-App' successfully

2023-09-08 11:20:43 - [TEST_STEP][PASSED] - tap(findTestObject("Cart/btn_cart_home"), 0): Tapped on element 'Object Repository/Cart/btn_cart_home'

2023-09-08 11:20:43 - [MESSAGE][WARNING] - Timeout '0' is invalid. Using default page load timeout: '30'

2023-09-08 11:20:44 - [MESSAGE][PASSED] - Tapped on element 'Object Repository/Cart/btn_cart_home'

2023-09-08 11:20:44 - [TEST_STEP][PASSED] - verifyElementExist(findTestObject("Cart/Empty Cart/txt_empty-cart_cart"), 10): Element 'Object Repository/Cart/Empty Cart/txt_empty-cart_cart' is exist

2023-09-08 11:20:45 - [MESSAGE][PASSED] - Element 'Object Repository/Cart/Empty Cart/txt_empty-cart_cart' is exist

2023-09-08 11:20:45 - [TEST_STEP][PASSED] - verifyElementExist(findTestObject("Cart/Empty Cart/icon_shopping-bag_cart"), 10): Element 'Object Repository/Cart/Empty Cart/icon_shopping-bag_cart' is exist

2023-09-08 11:20:45 - [MESSAGE][PASSED] - Element 'Object Repository/Cart/Empty Cart/icon_shopping-bag_cart' is exist

2023-09-08 11:20:45 - [TEST_STEP][PASSED] - extractedContinueShopping = getText(findTestObject("Cart/Empty Cart/btn_continue-shopping_cart"), 0): Text of element 'Object Repository/Cart/Empty Cart/btn_continue-shopping_cart' is: 'CONTINUE SHOPPING'

2023-09-08 11:20:45 - [MESSAGE][WARNING] - Timeout '0' is invalid. Using default page load timeout: '30'

2023-09-08 11:20:45 - [MESSAGE][PASSED] - Text of element 'Object Repository/Cart/Empty Cart/btn_continue-shopping_cart' is: 'CONTINUE SHOPPING'

2023-09-08 11:20:45 - [TEST_STEP][PASSED] - verifyEqual(extractedContinueShopping, "CONTINUE SHOPPING"): Actual object 'CONTINUE SHOPPING' and expected object 'CONTINUE SHOPPING' are equal

2023-09-08 11:20:45 - [MESSAGE][PASSED] - Actual object 'CONTINUE SHOPPING' and expected object 'CONTINUE SHOPPING' are equal

2023-09-08 11:20:45 - [TEST_STEP][PASSED] - verifyElementExist(findTestObject("Cart/Empty Cart/btn_continue-shopping_cart"), 10): Element 'Object Repository/Cart/Empty Cart/btn_continue-shopping_cart' is exist

2023-09-08 11:20:45 - [MESSAGE][PASSED] - Element 'Object Repository/Cart/Empty Cart/btn_continue-shopping_cart' is exist

2023-09-08 11:20:45 - [TEST_STEP][PASSED] - tap(findTestObject("Cart/btn_continue-shopping_cart"), 0): Tapped on element 'Object Repository/Cart/btn_continue-shopping_cart'

2023-09-08 11:20:45 - [MESSAGE][WARNING] - Timeout '0' is invalid. Using default page load timeout: '30'

2023-09-08 11:20:46 - [MESSAGE][PASSED] - Tapped on element 'Object Repository/Cart/btn_continue-shopping_cart']]></system-out>
         <system-err><![CDATA[]]></system-err>
      </testcase>
      <testcase name="Test Cases/TC_Cart/TC2_Order-Product" time="36.728" classname="Test Cases/TC_Cart/TC2_Order-Product" status="PASSED">
         <system-out><![CDATA[2023-09-08 11:20:46 - [TEST_CASE][PASSED] - Test Cases/TC_Cart/TC2_Order-Product: Test Cases/TC_Cart/TC2_Order-Product

2023-09-08 11:20:46 - [TEST_STEP][PASSED] - callTestCase(findTestCase("TC_Cart/TC1_Access-Empty-Cart"), [:], STOP_ON_FAILURE): Call Test Case 'Test Cases/TC_Cart/TC1_Access-Empty-Cart' successfully

2023-09-08 11:20:46 - [TEST_CASE][PASSED] - Test Cases/TC_Cart/TC1_Access-Empty-Cart: Test Cases/TC_Cart/TC1_Access-Empty-Cart

2023-09-08 11:20:46 - [TEST_STEP][PASSED] - callTestCase(findTestCase("Reusable-Test/TC0_Launch-Exist-App"), [:], STOP_ON_FAILURE): Call Test Case 'Test Cases/Reusable-Test/TC0_Launch-Exist-App' successfully

2023-09-08 11:20:46 - [TEST_CASE][PASSED] - Test Cases/Reusable-Test/TC0_Launch-Exist-App: Test Cases/Reusable-Test/TC0_Launch-Exist-App

2023-09-08 11:20:46 - [TEST_STEP][PASSED] - startExistingApplication(application_id, STOP_ON_FAILURE): Starting app with application ID: 'com.solodroid.solomerce'

2023-09-08 11:20:53 - [MESSAGE][PASSED] - Starting app with application ID: 'com.solodroid.solomerce'

2023-09-08 11:20:53 - [MESSAGE][PASSED] - Call Test Case 'Test Cases/Reusable-Test/TC0_Launch-Exist-App' successfully

2023-09-08 11:20:53 - [TEST_STEP][PASSED] - tap(findTestObject("Cart/btn_cart_home"), 0): Tapped on element 'Object Repository/Cart/btn_cart_home'

2023-09-08 11:20:53 - [MESSAGE][WARNING] - Timeout '0' is invalid. Using default page load timeout: '30'

2023-09-08 11:20:54 - [MESSAGE][PASSED] - Tapped on element 'Object Repository/Cart/btn_cart_home'

2023-09-08 11:20:54 - [TEST_STEP][PASSED] - verifyElementExist(findTestObject("Cart/Empty Cart/txt_empty-cart_cart"), 10): Element 'Object Repository/Cart/Empty Cart/txt_empty-cart_cart' is exist

2023-09-08 11:20:55 - [MESSAGE][PASSED] - Element 'Object Repository/Cart/Empty Cart/txt_empty-cart_cart' is exist

2023-09-08 11:20:55 - [TEST_STEP][PASSED] - verifyElementExist(findTestObject("Cart/Empty Cart/icon_shopping-bag_cart"), 10): Element 'Object Repository/Cart/Empty Cart/icon_shopping-bag_cart' is exist

2023-09-08 11:20:55 - [MESSAGE][PASSED] - Element 'Object Repository/Cart/Empty Cart/icon_shopping-bag_cart' is exist

2023-09-08 11:20:55 - [TEST_STEP][PASSED] - extractedContinueShopping = getText(findTestObject("Cart/Empty Cart/btn_continue-shopping_cart"), 0): Text of element 'Object Repository/Cart/Empty Cart/btn_continue-shopping_cart' is: 'CONTINUE SHOPPING'

2023-09-08 11:20:55 - [MESSAGE][WARNING] - Timeout '0' is invalid. Using default page load timeout: '30'

2023-09-08 11:20:55 - [MESSAGE][PASSED] - Text of element 'Object Repository/Cart/Empty Cart/btn_continue-shopping_cart' is: 'CONTINUE SHOPPING'

2023-09-08 11:20:55 - [TEST_STEP][PASSED] - verifyEqual(extractedContinueShopping, "CONTINUE SHOPPING"): Actual object 'CONTINUE SHOPPING' and expected object 'CONTINUE SHOPPING' are equal

2023-09-08 11:20:55 - [MESSAGE][PASSED] - Actual object 'CONTINUE SHOPPING' and expected object 'CONTINUE SHOPPING' are equal

2023-09-08 11:20:55 - [TEST_STEP][PASSED] - verifyElementExist(findTestObject("Cart/Empty Cart/btn_continue-shopping_cart"), 10): Element 'Object Repository/Cart/Empty Cart/btn_continue-shopping_cart' is exist

2023-09-08 11:20:55 - [MESSAGE][PASSED] - Element 'Object Repository/Cart/Empty Cart/btn_continue-shopping_cart' is exist

2023-09-08 11:20:55 - [TEST_STEP][PASSED] - tap(findTestObject("Cart/btn_continue-shopping_cart"), 0): Tapped on element 'Object Repository/Cart/btn_continue-shopping_cart'

2023-09-08 11:20:55 - [MESSAGE][WARNING] - Timeout '0' is invalid. Using default page load timeout: '30'

2023-09-08 11:20:56 - [MESSAGE][PASSED] - Tapped on element 'Object Repository/Cart/btn_continue-shopping_cart'

2023-09-08 11:20:56 - [MESSAGE][PASSED] - Call Test Case 'Test Cases/TC_Cart/TC1_Access-Empty-Cart' successfully

2023-09-08 11:20:56 - [TEST_STEP][PASSED] - tap(findTestObject("Home Shopping/btn_samsung-galaxy_home-shopping"), 0): Tapped on element 'Object Repository/Home Shopping/btn_samsung-galaxy_home-shopping'

2023-09-08 11:20:56 - [MESSAGE][WARNING] - Timeout '0' is invalid. Using default page load timeout: '30'

2023-09-08 11:20:57 - [MESSAGE][PASSED] - Tapped on element 'Object Repository/Home Shopping/btn_samsung-galaxy_home-shopping'

2023-09-08 11:20:57 - [TEST_STEP][PASSED] - verifyElementVisible(findTestObject("Home Shopping/Samsung Galaxy S10/txt_product-title-samsung-s10_home-shopping"), 0): Element 'Object Repository/Home Shopping/Samsung Galaxy S10/txt_product-title-samsung-s10_home-shopping' is visible

2023-09-08 11:20:57 - [MESSAGE][WARNING] - Timeout '0' is invalid. Using default page load timeout: '30'

2023-09-08 11:20:59 - [MESSAGE][PASSED] - Element 'Object Repository/Home Shopping/Samsung Galaxy S10/txt_product-title-samsung-s10_home-shopping' is visible

2023-09-08 11:20:59 - [TEST_STEP][PASSED] - verifyElementVisible(findTestObject("Home Shopping/Samsung Galaxy S10/txt_product-price-samsung-899usd-cart"), 0): Element 'Object Repository/Home Shopping/Samsung Galaxy S10/txt_product-price-samsung-899usd-cart' is visible

2023-09-08 11:20:59 - [MESSAGE][WARNING] - Timeout '0' is invalid. Using default page load timeout: '30'

2023-09-08 11:20:59 - [MESSAGE][PASSED] - Element 'Object Repository/Home Shopping/Samsung Galaxy S10/txt_product-price-samsung-899usd-cart' is visible

2023-09-08 11:20:59 - [TEST_STEP][PASSED] - verifyElementVisible(findTestObject("Home Shopping/Samsung Galaxy S10/txt_product-stock-samsung-5items-cart"), 0): Element 'Object Repository/Home Shopping/Samsung Galaxy S10/txt_product-stock-samsung-5items-cart' is visible

2023-09-08 11:20:59 - [MESSAGE][WARNING] - Timeout '0' is invalid. Using default page load timeout: '30'

2023-09-08 11:20:59 - [MESSAGE][PASSED] - Element 'Object Repository/Home Shopping/Samsung Galaxy S10/txt_product-stock-samsung-5items-cart' is visible

2023-09-08 11:20:59 - [TEST_STEP][PASSED] - tap(findTestObject("Home Shopping/Samsung Galaxy S10/btn_product-add-cart_home-shopping"), 0): Tapped on element 'Object Repository/Home Shopping/Samsung Galaxy S10/btn_product-add-cart_home-shopping'

2023-09-08 11:20:59 - [MESSAGE][WARNING] - Timeout '0' is invalid. Using default page load timeout: '30'

2023-09-08 11:20:59 - [MESSAGE][PASSED] - Tapped on element 'Object Repository/Home Shopping/Samsung Galaxy S10/btn_product-add-cart_home-shopping'

2023-09-08 11:20:59 - [TEST_STEP][PASSED] - verifyElementVisible(findTestObject("Home Shopping/Samsung Galaxy S10/card_product-order-samsung-s10-home_shopping"), 0): Element 'Object Repository/Home Shopping/Samsung Galaxy S10/card_product-order-samsung-s10-home_shopping' is visible

2023-09-08 11:20:59 - [MESSAGE][WARNING] - Timeout '0' is invalid. Using default page load timeout: '30'

2023-09-08 11:21:01 - [MESSAGE][PASSED] - Element 'Object Repository/Home Shopping/Samsung Galaxy S10/card_product-order-samsung-s10-home_shopping' is visible

2023-09-08 11:21:01 - [TEST_STEP][PASSED] - setText(findTestObject("Home Shopping/Samsung Galaxy S10/input_product-order-samsung-s10-home_shopping"), "5", 0): Text '5' has been set to element 'Object Repository/Home Shopping/Samsung Galaxy S10/input_product-order-samsung-s10-home_shopping'

2023-09-08 11:21:01 - [MESSAGE][WARNING] - Timeout '0' is invalid. Using default page load timeout: '30'

2023-09-08 11:21:02 - [MESSAGE][PASSED] - Text '5' has been set to element 'Object Repository/Home Shopping/Samsung Galaxy S10/input_product-order-samsung-s10-home_shopping'

2023-09-08 11:21:02 - [TEST_STEP][PASSED] - tap(findTestObject("Home Shopping/Samsung Galaxy S10/btn_product-add-order-samsung-s10_home-shopping"), 0): Tapped on element 'Object Repository/Home Shopping/Samsung Galaxy S10/btn_product-add-order-samsung-s10_home-shopping'

2023-09-08 11:21:02 - [MESSAGE][WARNING] - Timeout '0' is invalid. Using default page load timeout: '30'

2023-09-08 11:21:02 - [MESSAGE][PASSED] - Tapped on element 'Object Repository/Home Shopping/Samsung Galaxy S10/btn_product-add-order-samsung-s10_home-shopping'

2023-09-08 11:21:02 - [TEST_STEP][PASSED] - tap(findTestObject("Home Shopping/Samsung Galaxy S10/btn_product-cart-home_shopping"), 0): Tapped on element 'Object Repository/Home Shopping/Samsung Galaxy S10/btn_product-cart-home_shopping'

2023-09-08 11:21:02 - [MESSAGE][WARNING] - Timeout '0' is invalid. Using default page load timeout: '30'

2023-09-08 11:21:03 - [MESSAGE][PASSED] - Tapped on element 'Object Repository/Home Shopping/Samsung Galaxy S10/btn_product-cart-home_shopping'

2023-09-08 11:21:03 - [TEST_STEP][PASSED] - verifyElementVisible(findTestObject("Cart/Checkout/txt_title-shopping-cart_cart"), 0): Element 'Object Repository/Cart/Checkout/txt_title-shopping-cart_cart' is visible

2023-09-08 11:21:03 - [MESSAGE][WARNING] - Timeout '0' is invalid. Using default page load timeout: '30'

2023-09-08 11:21:04 - [MESSAGE][PASSED] - Element 'Object Repository/Cart/Checkout/txt_title-shopping-cart_cart' is visible

2023-09-08 11:21:04 - [TEST_STEP][PASSED] - verifyElementVisible(findTestObject("Cart/btn_back-to-home-cart"), 0): Element 'Object Repository/Cart/btn_back-to-home-cart' is visible

2023-09-08 11:21:04 - [MESSAGE][WARNING] - Timeout '0' is invalid. Using default page load timeout: '30'

2023-09-08 11:21:04 - [MESSAGE][PASSED] - Element 'Object Repository/Cart/btn_back-to-home-cart' is visible

2023-09-08 11:21:04 - [TEST_STEP][PASSED] - verifyElementVisible(findTestObject("Cart/btn_delete-all-items-cart"), 0): Element 'Object Repository/Cart/btn_delete-all-items-cart' is visible

2023-09-08 11:21:04 - [MESSAGE][WARNING] - Timeout '0' is invalid. Using default page load timeout: '30'

2023-09-08 11:21:04 - [MESSAGE][PASSED] - Element 'Object Repository/Cart/btn_delete-all-items-cart' is visible

2023-09-08 11:21:04 - [TEST_STEP][PASSED] - verifyElementVisible(findTestObject("Cart/Checkout/list_of-products-shooping-cart_cart"), 0): Element 'Object Repository/Cart/Checkout/list_of-products-shooping-cart_cart' is visible

2023-09-08 11:21:04 - [MESSAGE][WARNING] - Timeout '0' is invalid. Using default page load timeout: '30'

2023-09-08 11:21:04 - [MESSAGE][PASSED] - Element 'Object Repository/Cart/Checkout/list_of-products-shooping-cart_cart' is visible

2023-09-08 11:21:04 - [TEST_STEP][PASSED] - verifyElementVisible(findTestObject("Cart/Checkout/image_product-samsung-shopping-cart_cart"), 0): Element 'Object Repository/Cart/Checkout/image_product-samsung-shopping-cart_cart' is visible

2023-09-08 11:21:04 - [MESSAGE][WARNING] - Timeout '0' is invalid. Using default page load timeout: '30'

2023-09-08 11:21:04 - [MESSAGE][PASSED] - Element 'Object Repository/Cart/Checkout/image_product-samsung-shopping-cart_cart' is visible

2023-09-08 11:21:04 - [TEST_STEP][PASSED] - verifyElementVisible(findTestObject("Cart/Checkout/txt_product-title-samsung-shopping-cart_cart"), 0): Element 'Object Repository/Cart/Checkout/txt_product-title-samsung-shopping-cart_cart' is visible

2023-09-08 11:21:04 - [MESSAGE][WARNING] - Timeout '0' is invalid. Using default page load timeout: '30'

2023-09-08 11:21:05 - [MESSAGE][PASSED] - Element 'Object Repository/Cart/Checkout/txt_product-title-samsung-shopping-cart_cart' is visible

2023-09-08 11:21:05 - [TEST_STEP][PASSED] - verifyElementVisible(findTestObject("Cart/Checkout/txt_product-price-4.495usd-samsung-shopping-cart"), 0): Element 'Object Repository/Cart/Checkout/txt_product-price-4.495usd-samsung-shopping-cart' is visible

2023-09-08 11:21:05 - [MESSAGE][WARNING] - Timeout '0' is invalid. Using default page load timeout: '30'

2023-09-08 11:21:05 - [MESSAGE][PASSED] - Element 'Object Repository/Cart/Checkout/txt_product-price-4.495usd-samsung-shopping-cart' is visible

2023-09-08 11:21:05 - [TEST_STEP][PASSED] - verifyElementVisible(findTestObject("Cart/Checkout/txt_product-count-899usdx5-samsung-shopping-cart"), 0): Element 'Object Repository/Cart/Checkout/txt_product-count-899usdx5-samsung-shopping-cart' is visible

2023-09-08 11:21:05 - [MESSAGE][WARNING] - Timeout '0' is invalid. Using default page load timeout: '30'

2023-09-08 11:21:05 - [MESSAGE][PASSED] - Element 'Object Repository/Cart/Checkout/txt_product-count-899usdx5-samsung-shopping-cart' is visible

2023-09-08 11:21:05 - [TEST_STEP][PASSED] - verifyElementVisible(findTestObject("Cart/Checkout/txt_tax10-shopping-cart_cart"), 0): Element 'Object Repository/Cart/Checkout/txt_tax10-shopping-cart_cart' is visible

2023-09-08 11:21:05 - [MESSAGE][WARNING] - Timeout '0' is invalid. Using default page load timeout: '30'

2023-09-08 11:21:05 - [MESSAGE][PASSED] - Element 'Object Repository/Cart/Checkout/txt_tax10-shopping-cart_cart' is visible

2023-09-08 11:21:05 - [TEST_STEP][PASSED] - verifyElementVisible(findTestObject("Cart/Checkout/txt_total-price-shopping-cart_cart"), 0): Element 'Object Repository/Cart/Checkout/txt_total-price-shopping-cart_cart' is visible

2023-09-08 11:21:05 - [MESSAGE][WARNING] - Timeout '0' is invalid. Using default page load timeout: '30'

2023-09-08 11:21:05 - [MESSAGE][PASSED] - Element 'Object Repository/Cart/Checkout/txt_total-price-shopping-cart_cart' is visible

2023-09-08 11:21:05 - [TEST_STEP][PASSED] - verifyElementVisible(findTestObject("Cart/Checkout/btn_checkout-shopping-cart_cart"), 0): Element 'Object Repository/Cart/Checkout/btn_checkout-shopping-cart_cart' is visible

2023-09-08 11:21:05 - [MESSAGE][WARNING] - Timeout '0' is invalid. Using default page load timeout: '30'

2023-09-08 11:21:05 - [MESSAGE][PASSED] - Element 'Object Repository/Cart/Checkout/btn_checkout-shopping-cart_cart' is visible

2023-09-08 11:21:05 - [TEST_STEP][PASSED] - tap(findTestObject("Cart/btn_checkout-product-cart"), 0): Tapped on element 'Object Repository/Cart/btn_checkout-product-cart'

2023-09-08 11:21:05 - [MESSAGE][WARNING] - Timeout '0' is invalid. Using default page load timeout: '30'

2023-09-08 11:21:05 - [MESSAGE][PASSED] - Tapped on element 'Object Repository/Cart/btn_checkout-product-cart'

2023-09-08 11:21:05 - [TEST_STEP][PASSED] - callTestCase(findTestCase("TC_Cart/TC3_Checkout-Product"), [:], STOP_ON_FAILURE): Call Test Case 'Test Cases/TC_Cart/TC3_Checkout-Product' successfully

2023-09-08 11:21:05 - [TEST_CASE][PASSED] - Test Cases/TC_Cart/TC3_Checkout-Product: Test Cases/TC_Cart/TC3_Checkout-Product

2023-09-08 11:21:06 - [TEST_STEP][PASSED] - verifyElementVisible(findTestObject("Cart/Checkout/Checkout Form/txt_titile-checkout-page_checkout"), 0): Element 'Object Repository/Cart/Checkout/Checkout Form/txt_titile-checkout-page_checkout' is visible

2023-09-08 11:21:06 - [MESSAGE][WARNING] - Timeout '0' is invalid. Using default page load timeout: '30'

2023-09-08 11:21:07 - [MESSAGE][PASSED] - Element 'Object Repository/Cart/Checkout/Checkout Form/txt_titile-checkout-page_checkout' is visible

2023-09-08 11:21:07 - [TEST_STEP][PASSED] - verifyElementVisible(findTestObject("Cart/btn_back-to-home-cart"), 0): Element 'Object Repository/Cart/btn_back-to-home-cart' is visible

2023-09-08 11:21:07 - [MESSAGE][WARNING] - Timeout '0' is invalid. Using default page load timeout: '30'

2023-09-08 11:21:07 - [MESSAGE][PASSED] - Element 'Object Repository/Cart/btn_back-to-home-cart' is visible

2023-09-08 11:21:07 - [TEST_STEP][PASSED] - verifyElementVisible(findTestObject("Cart/Checkout/Checkout Form/input_name-form_checkout"), 0): Element 'Object Repository/Cart/Checkout/Checkout Form/input_name-form_checkout' is visible

2023-09-08 11:21:07 - [MESSAGE][WARNING] - Timeout '0' is invalid. Using default page load timeout: '30'

2023-09-08 11:21:07 - [MESSAGE][PASSED] - Element 'Object Repository/Cart/Checkout/Checkout Form/input_name-form_checkout' is visible

2023-09-08 11:21:07 - [TEST_STEP][PASSED] - verifyElementVisible(findTestObject("Cart/Checkout/Checkout Form/input_email-form_checkout"), 0): Element 'Object Repository/Cart/Checkout/Checkout Form/input_email-form_checkout' is visible

2023-09-08 11:21:07 - [MESSAGE][WARNING] - Timeout '0' is invalid. Using default page load timeout: '30'

2023-09-08 11:21:07 - [MESSAGE][PASSED] - Element 'Object Repository/Cart/Checkout/Checkout Form/input_email-form_checkout' is visible

2023-09-08 11:21:07 - [TEST_STEP][PASSED] - verifyElementVisible(findTestObject("Cart/Checkout/Checkout Form/input_pn-form_checkout"), 0): Element 'Object Repository/Cart/Checkout/Checkout Form/input_pn-form_checkout' is visible

2023-09-08 11:21:07 - [MESSAGE][WARNING] - Timeout '0' is invalid. Using default page load timeout: '30'

2023-09-08 11:21:07 - [MESSAGE][PASSED] - Element 'Object Repository/Cart/Checkout/Checkout Form/input_pn-form_checkout' is visible

2023-09-08 11:21:07 - [TEST_STEP][PASSED] - verifyElementVisible(findTestObject("Cart/Checkout/Checkout Form/input_address-form_checkout"), 0): Element 'Object Repository/Cart/Checkout/Checkout Form/input_address-form_checkout' is visible

2023-09-08 11:21:07 - [MESSAGE][WARNING] - Timeout '0' is invalid. Using default page load timeout: '30'

2023-09-08 11:21:07 - [MESSAGE][PASSED] - Element 'Object Repository/Cart/Checkout/Checkout Form/input_address-form_checkout' is visible

2023-09-08 11:21:07 - [TEST_STEP][PASSED] - verifyElementVisible(findTestObject("Cart/Checkout/Checkout Form/input_shipping-form_checkout"), 0): Element 'Object Repository/Cart/Checkout/Checkout Form/input_shipping-form_checkout' is visible

2023-09-08 11:21:07 - [MESSAGE][WARNING] - Timeout '0' is invalid. Using default page load timeout: '30'

2023-09-08 11:21:08 - [MESSAGE][PASSED] - Element 'Object Repository/Cart/Checkout/Checkout Form/input_shipping-form_checkout' is visible

2023-09-08 11:21:08 - [TEST_STEP][PASSED] - tap(findTestObject("Cart/Checkout/Checkout Form/input_shipping-form_checkout"), 0): Tapped on element 'Object Repository/Cart/Checkout/Checkout Form/input_shipping-form_checkout'

2023-09-08 11:21:08 - [MESSAGE][WARNING] - Timeout '0' is invalid. Using default page load timeout: '30'

2023-09-08 11:21:08 - [MESSAGE][PASSED] - Tapped on element 'Object Repository/Cart/Checkout/Checkout Form/input_shipping-form_checkout'

2023-09-08 11:21:08 - [TEST_STEP][PASSED] - verifyElementVisible(findTestObject("Cart/Checkout/Checkout Form/input_list-shipping-tnt-form_checkout"), 0): Element 'Object Repository/Cart/Checkout/Checkout Form/input_list-shipping-tnt-form_checkout' is visible

2023-09-08 11:21:08 - [MESSAGE][WARNING] - Timeout '0' is invalid. Using default page load timeout: '30'

2023-09-08 11:21:09 - [MESSAGE][PASSED] - Element 'Object Repository/Cart/Checkout/Checkout Form/input_list-shipping-tnt-form_checkout' is visible

2023-09-08 11:21:09 - [TEST_STEP][PASSED] - verifyElementVisible(findTestObject("Cart/Checkout/Checkout Form/input_list-shipping-dhl-form_checkout"), 0): Element 'Object Repository/Cart/Checkout/Checkout Form/input_list-shipping-dhl-form_checkout' is visible

2023-09-08 11:21:09 - [MESSAGE][WARNING] - Timeout '0' is invalid. Using default page load timeout: '30'

2023-09-08 11:21:09 - [MESSAGE][PASSED] - Element 'Object Repository/Cart/Checkout/Checkout Form/input_list-shipping-dhl-form_checkout' is visible

2023-09-08 11:21:09 - [TEST_STEP][PASSED] - verifyElementVisible(findTestObject("Cart/Checkout/Checkout Form/input_list-shipping-fedex-form_checkout"), 0): Element 'Object Repository/Cart/Checkout/Checkout Form/input_list-shipping-fedex-form_checkout' is visible

2023-09-08 11:21:09 - [MESSAGE][WARNING] - Timeout '0' is invalid. Using default page load timeout: '30'

2023-09-08 11:21:09 - [MESSAGE][PASSED] - Element 'Object Repository/Cart/Checkout/Checkout Form/input_list-shipping-fedex-form_checkout' is visible

2023-09-08 11:21:09 - [TEST_STEP][PASSED] - verifyElementVisible(findTestObject("Cart/Checkout/Checkout Form/input_list-shipping-ups-form_checkout"), 0): Element 'Object Repository/Cart/Checkout/Checkout Form/input_list-shipping-ups-form_checkout' is visible

2023-09-08 11:21:09 - [MESSAGE][WARNING] - Timeout '0' is invalid. Using default page load timeout: '30'

2023-09-08 11:21:09 - [MESSAGE][PASSED] - Element 'Object Repository/Cart/Checkout/Checkout Form/input_list-shipping-ups-form_checkout' is visible

2023-09-08 11:21:09 - [TEST_STEP][PASSED] - verifyElementVisible(findTestObject("Cart/Checkout/Checkout Form/input_list-shipping-cod-form_checkout"), 0): Element 'Object Repository/Cart/Checkout/Checkout Form/input_list-shipping-cod-form_checkout' is visible

2023-09-08 11:21:09 - [MESSAGE][WARNING] - Timeout '0' is invalid. Using default page load timeout: '30'

2023-09-08 11:21:09 - [MESSAGE][PASSED] - Element 'Object Repository/Cart/Checkout/Checkout Form/input_list-shipping-cod-form_checkout' is visible

2023-09-08 11:21:09 - [TEST_STEP][PASSED] - verifyElementVisible(findTestObject("Cart/Checkout/Checkout Form/input_list-shipping-paypal-form_checkout"), 0): Element 'Object Repository/Cart/Checkout/Checkout Form/input_list-shipping-paypal-form_checkout' is visible

2023-09-08 11:21:09 - [MESSAGE][WARNING] - Timeout '0' is invalid. Using default page load timeout: '30'

2023-09-08 11:21:10 - [MESSAGE][PASSED] - Element 'Object Repository/Cart/Checkout/Checkout Form/input_list-shipping-paypal-form_checkout' is visible

2023-09-08 11:21:10 - [TEST_STEP][PASSED] - tap(findTestObject("Cart/Checkout/Checkout Form/input_list-shipping-dhl-form_checkout"), 0): Tapped on element 'Object Repository/Cart/Checkout/Checkout Form/input_list-shipping-dhl-form_checkout'

2023-09-08 11:21:10 - [MESSAGE][WARNING] - Timeout '0' is invalid. Using default page load timeout: '30'

2023-09-08 11:21:10 - [MESSAGE][PASSED] - Tapped on element 'Object Repository/Cart/Checkout/Checkout Form/input_list-shipping-dhl-form_checkout'

2023-09-08 11:21:10 - [TEST_STEP][PASSED] - scrollToText("Comment", STOP_ON_FAILURE): Scrolling to text 'Comment' successfully

2023-09-08 11:21:15 - [MESSAGE][PASSED] - Scrolling to text 'Comment' successfully

2023-09-08 11:21:15 - [TEST_STEP][PASSED] - verifyElementVisible(findTestObject("Cart/Checkout/Checkout Form/input_comment-form_checkout"), 0): Element 'Object Repository/Cart/Checkout/Checkout Form/input_comment-form_checkout' is visible

2023-09-08 11:21:15 - [MESSAGE][WARNING] - Timeout '0' is invalid. Using default page load timeout: '30'

2023-09-08 11:21:15 - [MESSAGE][PASSED] - Element 'Object Repository/Cart/Checkout/Checkout Form/input_comment-form_checkout' is visible

2023-09-08 11:21:15 - [TEST_STEP][PASSED] - tap(findTestObject("Cart/Checkout/Checkout Form/btn_process-checkout_checkout"), 0): Tapped on element 'Object Repository/Cart/Checkout/Checkout Form/btn_process-checkout_checkout'

2023-09-08 11:21:15 - [MESSAGE][WARNING] - Timeout '0' is invalid. Using default page load timeout: '30'

2023-09-08 11:21:15 - [MESSAGE][PASSED] - Tapped on element 'Object Repository/Cart/Checkout/Checkout Form/btn_process-checkout_checkout'

2023-09-08 11:21:15 - [TEST_STEP][PASSED] - verifyElementVisible(findTestObject("Cart/Checkout/Checkout Form/card_sure-checkout_checkout"), 0): Element 'Object Repository/Cart/Checkout/Checkout Form/card_sure-checkout_checkout' is visible

2023-09-08 11:21:15 - [MESSAGE][WARNING] - Timeout '0' is invalid. Using default page load timeout: '30'

2023-09-08 11:21:15 - [MESSAGE][PASSED] - Element 'Object Repository/Cart/Checkout/Checkout Form/card_sure-checkout_checkout' is visible

2023-09-08 11:21:15 - [TEST_STEP][PASSED] - verifyElementVisible(findTestObject("Cart/Checkout/Checkout Form/txt_title-process-checkout_checkout"), 0): Element 'Object Repository/Cart/Checkout/Checkout Form/txt_title-process-checkout_checkout' is visible

2023-09-08 11:21:15 - [MESSAGE][WARNING] - Timeout '0' is invalid. Using default page load timeout: '30'

2023-09-08 11:21:16 - [MESSAGE][PASSED] - Element 'Object Repository/Cart/Checkout/Checkout Form/txt_title-process-checkout_checkout' is visible

2023-09-08 11:21:16 - [TEST_STEP][PASSED] - verifyElementVisible(findTestObject("Cart/Checkout/Checkout Form/txt_sure-checkout_checkout"), 0): Element 'Object Repository/Cart/Checkout/Checkout Form/txt_sure-checkout_checkout' is visible

2023-09-08 11:21:16 - [MESSAGE][WARNING] - Timeout '0' is invalid. Using default page load timeout: '30'

2023-09-08 11:21:16 - [MESSAGE][PASSED] - Element 'Object Repository/Cart/Checkout/Checkout Form/txt_sure-checkout_checkout' is visible

2023-09-08 11:21:16 - [TEST_STEP][PASSED] - verifyElementVisible(findTestObject("Cart/Checkout/Checkout Form/btn_yes-checkout_checkout"), 0): Element 'Object Repository/Cart/Checkout/Checkout Form/btn_yes-checkout_checkout' is visible

2023-09-08 11:21:16 - [MESSAGE][WARNING] - Timeout '0' is invalid. Using default page load timeout: '30'

2023-09-08 11:21:16 - [MESSAGE][PASSED] - Element 'Object Repository/Cart/Checkout/Checkout Form/btn_yes-checkout_checkout' is visible

2023-09-08 11:21:16 - [TEST_STEP][PASSED] - verifyElementVisible(findTestObject("Cart/Checkout/Checkout Form/btn_no-checkout_checkout"), 0): Element 'Object Repository/Cart/Checkout/Checkout Form/btn_no-checkout_checkout' is visible

2023-09-08 11:21:17 - [MESSAGE][WARNING] - Timeout '0' is invalid. Using default page load timeout: '30'

2023-09-08 11:21:17 - [MESSAGE][PASSED] - Element 'Object Repository/Cart/Checkout/Checkout Form/btn_no-checkout_checkout' is visible

2023-09-08 11:21:17 - [TEST_STEP][PASSED] - tap(findTestObject("Cart/Checkout/Checkout Form/btn_yes-checkout_checkout"), 0): Tapped on element 'Object Repository/Cart/Checkout/Checkout Form/btn_yes-checkout_checkout'

2023-09-08 11:21:17 - [MESSAGE][WARNING] - Timeout '0' is invalid. Using default page load timeout: '30'

2023-09-08 11:21:17 - [MESSAGE][PASSED] - Tapped on element 'Object Repository/Cart/Checkout/Checkout Form/btn_yes-checkout_checkout'

2023-09-08 11:21:17 - [TEST_STEP][PASSED] - verifyElementVisible(findTestObject("Cart/Checkout/Checkout Form/card_success-checkout_checkout"), 0): Element 'Object Repository/Cart/Checkout/Checkout Form/card_success-checkout_checkout' is visible

2023-09-08 11:21:17 - [MESSAGE][WARNING] - Timeout '0' is invalid. Using default page load timeout: '30'

2023-09-08 11:21:18 - [MESSAGE][PASSED] - Element 'Object Repository/Cart/Checkout/Checkout Form/card_success-checkout_checkout' is visible

2023-09-08 11:21:18 - [TEST_STEP][PASSED] - verifyElementVisible(findTestObject("Cart/Checkout/Checkout Form/txt_congratulation-checkout_checkout"), 0): Element 'Object Repository/Cart/Checkout/Checkout Form/txt_congratulation-checkout_checkout' is visible

2023-09-08 11:21:18 - [MESSAGE][WARNING] - Timeout '0' is invalid. Using default page load timeout: '30'

2023-09-08 11:21:18 - [MESSAGE][PASSED] - Element 'Object Repository/Cart/Checkout/Checkout Form/txt_congratulation-checkout_checkout' is visible

2023-09-08 11:21:18 - [TEST_STEP][PASSED] - verifyElementVisible(findTestObject("Cart/Checkout/Checkout Form/tx_thanks-order-checkout_checkout"), 0): Element 'Object Repository/Cart/Checkout/Checkout Form/tx_thanks-order-checkout_checkout' is visible

2023-09-08 11:21:18 - [MESSAGE][WARNING] - Timeout '0' is invalid. Using default page load timeout: '30'

2023-09-08 11:21:18 - [MESSAGE][PASSED] - Element 'Object Repository/Cart/Checkout/Checkout Form/tx_thanks-order-checkout_checkout' is visible

2023-09-08 11:21:18 - [TEST_STEP][PASSED] - tap(findTestObject("Cart/Checkout/Checkout Form/btn_ok-success-checkout_checkout"), 0): Tapped on element 'Object Repository/Cart/Checkout/Checkout Form/btn_ok-success-checkout_checkout'

2023-09-08 11:21:18 - [MESSAGE][WARNING] - Timeout '0' is invalid. Using default page load timeout: '30'

2023-09-08 11:21:22 - [MESSAGE][PASSED] - Tapped on element 'Object Repository/Cart/Checkout/Checkout Form/btn_ok-success-checkout_checkout'

2023-09-08 11:21:22 - [TEST_STEP][PASSED] - callTestCase(findTestCase("Reusable-Test/TC0_Terminate-App"), [:], STOP_ON_FAILURE): Call Test Case 'Test Cases/Reusable-Test/TC0_Terminate-App' successfully

2023-09-08 11:21:22 - [TEST_CASE][PASSED] - Test Cases/Reusable-Test/TC0_Terminate-App: Test Cases/Reusable-Test/TC0_Terminate-App

2023-09-08 11:21:22 - [TEST_STEP][PASSED] - driver = getDriver(): null

2023-09-08 11:21:22 - [TEST_STEP][PASSED] - driver.terminateApp("io.appium.android.apis"): null

2023-09-08 11:21:22 - [MESSAGE][PASSED] - Call Test Case 'Test Cases/Reusable-Test/TC0_Terminate-App' successfully

2023-09-08 11:21:22 - [MESSAGE][PASSED] - Call Test Case 'Test Cases/TC_Cart/TC3_Checkout-Product' successfully]]></system-out>
         <system-err><![CDATA[]]></system-err>
      </testcase>
      <testcase name="Test Cases/TC_Cart/TC3_Checkout-Product" time="31.041" classname="Test Cases/TC_Cart/TC3_Checkout-Product" status="FAILED">
         <failure type="FAILED" message="Test Cases/TC_Cart/TC3_Checkout-Product FAILED.
Reason:
com.kms.katalon.core.exception.StepFailedException: Element 'Object Repository/Cart/Checkout/Checkout Form/txt_titile-checkout-page_checkout' not found
	at com.kms.katalon.core.keyword.internal.KeywordMain.stepFailed(KeywordMain.groovy:51)
	at com.kms.katalon.core.mobile.keyword.internal.MobileKeywordMain.stepFailed(MobileKeywordMain.groovy:40)
	at com.kms.katalon.core.mobile.keyword.builtin.VerifyElementVisibleKeyword$_verifyElementVisible_closure1.doCall(VerifyElementVisibleKeyword.groovy:82)
	at com.kms.katalon.core.mobile.keyword.builtin.VerifyElementVisibleKeyword$_verifyElementVisible_closure1.call(VerifyElementVisibleKeyword.groovy)
	at com.kms.katalon.core.mobile.keyword.internal.MobileKeywordMain.runKeyword(MobileKeywordMain.groovy:21)
	at com.kms.katalon.core.mobile.keyword.builtin.VerifyElementVisibleKeyword.verifyElementVisible(VerifyElementVisibleKeyword.groovy:85)
	at com.kms.katalon.core.mobile.keyword.builtin.VerifyElementVisibleKeyword.execute(VerifyElementVisibleKeyword.groovy:64)
	at com.kms.katalon.core.keyword.internal.KeywordExecutor.executeKeywordForPlatform(KeywordExecutor.groovy:74)
	at com.kms.katalon.core.mobile.keyword.MobileBuiltInKeywords.verifyElementVisible(MobileBuiltInKeywords.groovy:2031)
	at com.kms.katalon.core.mobile.keyword.MobileBuiltInKeywords$verifyElementVisible$3.call(Unknown Source)
	at TC3_Checkout-Product.run(TC3_Checkout-Product:20)
	at com.kms.katalon.core.main.ScriptEngine.run(ScriptEngine.java:194)
	at com.kms.katalon.core.main.ScriptEngine.runScriptAsRawText(ScriptEngine.java:119)
	at com.kms.katalon.core.main.TestCaseExecutor.runScript(TestCaseExecutor.java:448)
	at com.kms.katalon.core.main.TestCaseExecutor.doExecute(TestCaseExecutor.java:439)
	at com.kms.katalon.core.main.TestCaseExecutor.processExecutionPhase(TestCaseExecutor.java:418)
	at com.kms.katalon.core.main.TestCaseExecutor.accessMainPhase(TestCaseExecutor.java:410)
	at com.kms.katalon.core.main.TestCaseExecutor.execute(TestCaseExecutor.java:285)
	at com.kms.katalon.core.common.CommonExecutor.accessTestCaseMainPhase(CommonExecutor.java:65)
	at com.kms.katalon.core.main.TestSuiteExecutor.accessTestSuiteMainPhase(TestSuiteExecutor.java:148)
	at com.kms.katalon.core.main.TestSuiteExecutor.execute(TestSuiteExecutor.java:106)
	at com.kms.katalon.core.main.TestCaseMain.startTestSuite(TestCaseMain.java:187)
	at com.kms.katalon.core.main.TestCaseMain$startTestSuite$0.call(Unknown Source)
	at TempTestSuite1694146823206.run(TempTestSuite1694146823206.groovy:36)
"/>
         <system-out><![CDATA[2023-09-08 11:21:22 - [TEST_CASE][FAILED] - Test Cases/TC_Cart/TC3_Checkout-Product: Test Cases/TC_Cart/TC3_Checkout-Product FAILED.
Reason:
com.kms.katalon.core.exception.StepFailedException: Element 'Object Repository/Cart/Checkout/Checkout Form/txt_titile-checkout-page_checkout' not found
	at com.kms.katalon.core.keyword.internal.KeywordMain.stepFailed(KeywordMain.groovy:51)
	at com.kms.katalon.core.mobile.keyword.internal.MobileKeywordMain.stepFailed(MobileKeywordMain.groovy:40)
	at com.kms.katalon.core.mobile.keyword.builtin.VerifyElementVisibleKeyword$_verifyElementVisible_closure1.doCall(VerifyElementVisibleKeyword.groovy:82)
	at com.kms.katalon.core.mobile.keyword.builtin.VerifyElementVisibleKeyword$_verifyElementVisible_closure1.call(VerifyElementVisibleKeyword.groovy)
	at com.kms.katalon.core.mobile.keyword.internal.MobileKeywordMain.runKeyword(MobileKeywordMain.groovy:21)
	at com.kms.katalon.core.mobile.keyword.builtin.VerifyElementVisibleKeyword.verifyElementVisible(VerifyElementVisibleKeyword.groovy:85)
	at com.kms.katalon.core.mobile.keyword.builtin.VerifyElementVisibleKeyword.execute(VerifyElementVisibleKeyword.groovy:64)
	at com.kms.katalon.core.keyword.internal.KeywordExecutor.executeKeywordForPlatform(KeywordExecutor.groovy:74)
	at com.kms.katalon.core.mobile.keyword.MobileBuiltInKeywords.verifyElementVisible(MobileBuiltInKeywords.groovy:2031)
	at com.kms.katalon.core.mobile.keyword.MobileBuiltInKeywords$verifyElementVisible$3.call(Unknown Source)
	at TC3_Checkout-Product.run(TC3_Checkout-Product:20)
	at com.kms.katalon.core.main.ScriptEngine.run(ScriptEngine.java:194)
	at com.kms.katalon.core.main.ScriptEngine.runScriptAsRawText(ScriptEngine.java:119)
	at com.kms.katalon.core.main.TestCaseExecutor.runScript(TestCaseExecutor.java:448)
	at com.kms.katalon.core.main.TestCaseExecutor.doExecute(TestCaseExecutor.java:439)
	at com.kms.katalon.core.main.TestCaseExecutor.processExecutionPhase(TestCaseExecutor.java:418)
	at com.kms.katalon.core.main.TestCaseExecutor.accessMainPhase(TestCaseExecutor.java:410)
	at com.kms.katalon.core.main.TestCaseExecutor.execute(TestCaseExecutor.java:285)
	at com.kms.katalon.core.common.CommonExecutor.accessTestCaseMainPhase(CommonExecutor.java:65)
	at com.kms.katalon.core.main.TestSuiteExecutor.accessTestSuiteMainPhase(TestSuiteExecutor.java:148)
	at com.kms.katalon.core.main.TestSuiteExecutor.execute(TestSuiteExecutor.java:106)
	at com.kms.katalon.core.main.TestCaseMain.startTestSuite(TestCaseMain.java:187)
	at com.kms.katalon.core.main.TestCaseMain$startTestSuite$0.call(Unknown Source)
	at TempTestSuite1694146823206.run(TempTestSuite1694146823206.groovy:36)


2023-09-08 11:21:22 - [TEST_STEP][FAILED] - verifyElementVisible(findTestObject("Cart/Checkout/Checkout Form/txt_titile-checkout-page_checkout"), 0): Failed to check for element 'Object Repository/Cart/Checkout/Checkout Form/txt_titile-checkout-page_checkout' visible (Root cause: com.kms.katalon.core.exception.StepFailedException: Element 'Object Repository/Cart/Checkout/Checkout Form/txt_titile-checkout-page_checkout' not found
	at com.kms.katalon.core.keyword.internal.KeywordMain.stepFailed(KeywordMain.groovy:51)
	at com.kms.katalon.core.mobile.keyword.internal.MobileKeywordMain.stepFailed(MobileKeywordMain.groovy:40)
	at com.kms.katalon.core.mobile.keyword.builtin.VerifyElementVisibleKeyword$_verifyElementVisible_closure1.doCall(VerifyElementVisibleKeyword.groovy:82)
	at com.kms.katalon.core.mobile.keyword.builtin.VerifyElementVisibleKeyword$_verifyElementVisible_closure1.call(VerifyElementVisibleKeyword.groovy)
	at com.kms.katalon.core.mobile.keyword.internal.MobileKeywordMain.runKeyword(MobileKeywordMain.groovy:21)
	at com.kms.katalon.core.mobile.keyword.builtin.VerifyElementVisibleKeyword.verifyElementVisible(VerifyElementVisibleKeyword.groovy:85)
	at com.kms.katalon.core.mobile.keyword.builtin.VerifyElementVisibleKeyword.execute(VerifyElementVisibleKeyword.groovy:64)
	at com.kms.katalon.core.keyword.internal.KeywordExecutor.executeKeywordForPlatform(KeywordExecutor.groovy:74)
	at com.kms.katalon.core.mobile.keyword.MobileBuiltInKeywords.verifyElementVisible(MobileBuiltInKeywords.groovy:2031)
	at com.kms.katalon.core.mobile.keyword.MobileBuiltInKeywords$verifyElementVisible$3.call(Unknown Source)
	at TC3_Checkout-Product.run(TC3_Checkout-Product:20)
	at com.kms.katalon.core.main.ScriptEngine.run(ScriptEngine.java:194)
	at com.kms.katalon.core.main.ScriptEngine.runScriptAsRawText(ScriptEngine.java:119)
	at com.kms.katalon.core.main.TestCaseExecutor.runScript(TestCaseExecutor.java:448)
	at com.kms.katalon.core.main.TestCaseExecutor.doExecute(TestCaseExecutor.java:439)
	at com.kms.katalon.core.main.TestCaseExecutor.processExecutionPhase(TestCaseExecutor.java:418)
	at com.kms.katalon.core.main.TestCaseExecutor.accessMainPhase(TestCaseExecutor.java:410)
	at com.kms.katalon.core.main.TestCaseExecutor.execute(TestCaseExecutor.java:285)
	at com.kms.katalon.core.common.CommonExecutor.accessTestCaseMainPhase(CommonExecutor.java:65)
	at com.kms.katalon.core.main.TestSuiteExecutor.accessTestSuiteMainPhase(TestSuiteExecutor.java:148)
	at com.kms.katalon.core.main.TestSuiteExecutor.execute(TestSuiteExecutor.java:106)
	at com.kms.katalon.core.main.TestCaseMain.startTestSuite(TestCaseMain.java:187)
	at com.kms.katalon.core.main.TestCaseMain$startTestSuite$0.call(Unknown Source)
	at TempTestSuite1694146823206.run(TempTestSuite1694146823206.groovy:36)
)

2023-09-08 11:21:22 - [MESSAGE][WARNING] - Timeout '0' is invalid. Using default page load timeout: '30'

2023-09-08 11:21:53 - [MESSAGE][FAILED] - Element 'Object Repository/Cart/Checkout/Checkout Form/txt_titile-checkout-page_checkout' not found

2023-09-08 11:21:53 - [MESSAGE][FAILED] - Failed to check for element 'Object Repository/Cart/Checkout/Checkout Form/txt_titile-checkout-page_checkout' visible (Root cause: com.kms.katalon.core.exception.StepFailedException: Element 'Object Repository/Cart/Checkout/Checkout Form/txt_titile-checkout-page_checkout' not found
	at com.kms.katalon.core.keyword.internal.KeywordMain.stepFailed(KeywordMain.groovy:51)
	at com.kms.katalon.core.mobile.keyword.internal.MobileKeywordMain.stepFailed(MobileKeywordMain.groovy:40)
	at com.kms.katalon.core.mobile.keyword.builtin.VerifyElementVisibleKeyword$_verifyElementVisible_closure1.doCall(VerifyElementVisibleKeyword.groovy:82)
	at com.kms.katalon.core.mobile.keyword.builtin.VerifyElementVisibleKeyword$_verifyElementVisible_closure1.call(VerifyElementVisibleKeyword.groovy)
	at com.kms.katalon.core.mobile.keyword.internal.MobileKeywordMain.runKeyword(MobileKeywordMain.groovy:21)
	at com.kms.katalon.core.mobile.keyword.builtin.VerifyElementVisibleKeyword.verifyElementVisible(VerifyElementVisibleKeyword.groovy:85)
	at com.kms.katalon.core.mobile.keyword.builtin.VerifyElementVisibleKeyword.execute(VerifyElementVisibleKeyword.groovy:64)
	at com.kms.katalon.core.keyword.internal.KeywordExecutor.executeKeywordForPlatform(KeywordExecutor.groovy:74)
	at com.kms.katalon.core.mobile.keyword.MobileBuiltInKeywords.verifyElementVisible(MobileBuiltInKeywords.groovy:2031)
	at com.kms.katalon.core.mobile.keyword.MobileBuiltInKeywords$verifyElementVisible$3.call(Unknown Source)
	at TC3_Checkout-Product.run(TC3_Checkout-Product:20)
	at com.kms.katalon.core.main.ScriptEngine.run(ScriptEngine.java:194)
	at com.kms.katalon.core.main.ScriptEngine.runScriptAsRawText(ScriptEngine.java:119)
	at com.kms.katalon.core.main.TestCaseExecutor.runScript(TestCaseExecutor.java:448)
	at com.kms.katalon.core.main.TestCaseExecutor.doExecute(TestCaseExecutor.java:439)
	at com.kms.katalon.core.main.TestCaseExecutor.processExecutionPhase(TestCaseExecutor.java:418)
	at com.kms.katalon.core.main.TestCaseExecutor.accessMainPhase(TestCaseExecutor.java:410)
	at com.kms.katalon.core.main.TestCaseExecutor.execute(TestCaseExecutor.java:285)
	at com.kms.katalon.core.common.CommonExecutor.accessTestCaseMainPhase(CommonExecutor.java:65)
	at com.kms.katalon.core.main.TestSuiteExecutor.accessTestSuiteMainPhase(TestSuiteExecutor.java:148)
	at com.kms.katalon.core.main.TestSuiteExecutor.execute(TestSuiteExecutor.java:106)
	at com.kms.katalon.core.main.TestCaseMain.startTestSuite(TestCaseMain.java:187)
	at com.kms.katalon.core.main.TestCaseMain$startTestSuite$0.call(Unknown Source)
	at TempTestSuite1694146823206.run(TempTestSuite1694146823206.groovy:36)
)
[[ATTACHMENT|D:\\4 -- QA Automation\\Hacktiv8\\Assignment 3\\Mobile Testing\\Katalon\\Katalon-Mobile-Testing\\Reports\\20230908_112023\\Cart\\TS2_Cart\\20230908_112023\\1694146913027.png]]]]></system-out>
         <system-err><![CDATA[2023-09-08 11:21:22 - [TEST_CASE][FAILED] - Test Cases/TC_Cart/TC3_Checkout-Product: Test Cases/TC_Cart/TC3_Checkout-Product FAILED.
Reason:
com.kms.katalon.core.exception.StepFailedException: Element 'Object Repository/Cart/Checkout/Checkout Form/txt_titile-checkout-page_checkout' not found
	at com.kms.katalon.core.keyword.internal.KeywordMain.stepFailed(KeywordMain.groovy:51)
	at com.kms.katalon.core.mobile.keyword.internal.MobileKeywordMain.stepFailed(MobileKeywordMain.groovy:40)
	at com.kms.katalon.core.mobile.keyword.builtin.VerifyElementVisibleKeyword$_verifyElementVisible_closure1.doCall(VerifyElementVisibleKeyword.groovy:82)
	at com.kms.katalon.core.mobile.keyword.builtin.VerifyElementVisibleKeyword$_verifyElementVisible_closure1.call(VerifyElementVisibleKeyword.groovy)
	at com.kms.katalon.core.mobile.keyword.internal.MobileKeywordMain.runKeyword(MobileKeywordMain.groovy:21)
	at com.kms.katalon.core.mobile.keyword.builtin.VerifyElementVisibleKeyword.verifyElementVisible(VerifyElementVisibleKeyword.groovy:85)
	at com.kms.katalon.core.mobile.keyword.builtin.VerifyElementVisibleKeyword.execute(VerifyElementVisibleKeyword.groovy:64)
	at com.kms.katalon.core.keyword.internal.KeywordExecutor.executeKeywordForPlatform(KeywordExecutor.groovy:74)
	at com.kms.katalon.core.mobile.keyword.MobileBuiltInKeywords.verifyElementVisible(MobileBuiltInKeywords.groovy:2031)
	at com.kms.katalon.core.mobile.keyword.MobileBuiltInKeywords$verifyElementVisible$3.call(Unknown Source)
	at TC3_Checkout-Product.run(TC3_Checkout-Product:20)
	at com.kms.katalon.core.main.ScriptEngine.run(ScriptEngine.java:194)
	at com.kms.katalon.core.main.ScriptEngine.runScriptAsRawText(ScriptEngine.java:119)
	at com.kms.katalon.core.main.TestCaseExecutor.runScript(TestCaseExecutor.java:448)
	at com.kms.katalon.core.main.TestCaseExecutor.doExecute(TestCaseExecutor.java:439)
	at com.kms.katalon.core.main.TestCaseExecutor.processExecutionPhase(TestCaseExecutor.java:418)
	at com.kms.katalon.core.main.TestCaseExecutor.accessMainPhase(TestCaseExecutor.java:410)
	at com.kms.katalon.core.main.TestCaseExecutor.execute(TestCaseExecutor.java:285)
	at com.kms.katalon.core.common.CommonExecutor.accessTestCaseMainPhase(CommonExecutor.java:65)
	at com.kms.katalon.core.main.TestSuiteExecutor.accessTestSuiteMainPhase(TestSuiteExecutor.java:148)
	at com.kms.katalon.core.main.TestSuiteExecutor.execute(TestSuiteExecutor.java:106)
	at com.kms.katalon.core.main.TestCaseMain.startTestSuite(TestCaseMain.java:187)
	at com.kms.katalon.core.main.TestCaseMain$startTestSuite$0.call(Unknown Source)
	at TempTestSuite1694146823206.run(TempTestSuite1694146823206.groovy:36)]]></system-err>
      </testcase>
      <system-out><![CDATA[2023-09-08 11:20:27 - [TEST_SUITE][FAILED] - TS2_Cart: Test Cases/TC_Cart/TC3_Checkout-Product FAILED.
Reason:
com.kms.katalon.core.exception.StepFailedException: Element 'Object Repository/Cart/Checkout/Checkout Form/txt_titile-checkout-page_checkout' not found
	at com.kms.katalon.core.keyword.internal.KeywordMain.stepFailed(KeywordMain.groovy:51)
	at com.kms.katalon.core.mobile.keyword.internal.MobileKeywordMain.stepFailed(MobileKeywordMain.groovy:40)
	at com.kms.katalon.core.mobile.keyword.builtin.VerifyElementVisibleKeyword$_verifyElementVisible_closure1.doCall(VerifyElementVisibleKeyword.groovy:82)
	at com.kms.katalon.core.mobile.keyword.builtin.VerifyElementVisibleKeyword$_verifyElementVisible_closure1.call(VerifyElementVisibleKeyword.groovy)
	at com.kms.katalon.core.mobile.keyword.internal.MobileKeywordMain.runKeyword(MobileKeywordMain.groovy:21)
	at com.kms.katalon.core.mobile.keyword.builtin.VerifyElementVisibleKeyword.verifyElementVisible(VerifyElementVisibleKeyword.groovy:85)
	at com.kms.katalon.core.mobile.keyword.builtin.VerifyElementVisibleKeyword.execute(VerifyElementVisibleKeyword.groovy:64)
	at com.kms.katalon.core.keyword.internal.KeywordExecutor.executeKeywordForPlatform(KeywordExecutor.groovy:74)
	at com.kms.katalon.core.mobile.keyword.MobileBuiltInKeywords.verifyElementVisible(MobileBuiltInKeywords.groovy:2031)
	at com.kms.katalon.core.mobile.keyword.MobileBuiltInKeywords$verifyElementVisible$3.call(Unknown Source)
	at TC3_Checkout-Product.run(TC3_Checkout-Product:20)
	at com.kms.katalon.core.main.ScriptEngine.run(ScriptEngine.java:194)
	at com.kms.katalon.core.main.ScriptEngine.runScriptAsRawText(ScriptEngine.java:119)
	at com.kms.katalon.core.main.TestCaseExecutor.runScript(TestCaseExecutor.java:448)
	at com.kms.katalon.core.main.TestCaseExecutor.doExecute(TestCaseExecutor.java:439)
	at com.kms.katalon.core.main.TestCaseExecutor.processExecutionPhase(TestCaseExecutor.java:418)
	at com.kms.katalon.core.main.TestCaseExecutor.accessMainPhase(TestCaseExecutor.java:410)
	at com.kms.katalon.core.main.TestCaseExecutor.execute(TestCaseExecutor.java:285)
	at com.kms.katalon.core.common.CommonExecutor.accessTestCaseMainPhase(CommonExecutor.java:65)
	at com.kms.katalon.core.main.TestSuiteExecutor.accessTestSuiteMainPhase(TestSuiteExecutor.java:148)
	at com.kms.katalon.core.main.TestSuiteExecutor.execute(TestSuiteExecutor.java:106)
	at com.kms.katalon.core.main.TestCaseMain.startTestSuite(TestCaseMain.java:187)
	at com.kms.katalon.core.main.TestCaseMain$startTestSuite$0.call(Unknown Source)
	at TempTestSuite1694146823206.run(TempTestSuite1694146823206.groovy:36)]]></system-out>
      <system-err><![CDATA[2023-09-08 11:20:27 - [TEST_SUITE][FAILED] - TS2_Cart: Test Cases/TC_Cart/TC3_Checkout-Product FAILED.
Reason:
com.kms.katalon.core.exception.StepFailedException: Element 'Object Repository/Cart/Checkout/Checkout Form/txt_titile-checkout-page_checkout' not found
	at com.kms.katalon.core.keyword.internal.KeywordMain.stepFailed(KeywordMain.groovy:51)
	at com.kms.katalon.core.mobile.keyword.internal.MobileKeywordMain.stepFailed(MobileKeywordMain.groovy:40)
	at com.kms.katalon.core.mobile.keyword.builtin.VerifyElementVisibleKeyword$_verifyElementVisible_closure1.doCall(VerifyElementVisibleKeyword.groovy:82)
	at com.kms.katalon.core.mobile.keyword.builtin.VerifyElementVisibleKeyword$_verifyElementVisible_closure1.call(VerifyElementVisibleKeyword.groovy)
	at com.kms.katalon.core.mobile.keyword.internal.MobileKeywordMain.runKeyword(MobileKeywordMain.groovy:21)
	at com.kms.katalon.core.mobile.keyword.builtin.VerifyElementVisibleKeyword.verifyElementVisible(VerifyElementVisibleKeyword.groovy:85)
	at com.kms.katalon.core.mobile.keyword.builtin.VerifyElementVisibleKeyword.execute(VerifyElementVisibleKeyword.groovy:64)
	at com.kms.katalon.core.keyword.internal.KeywordExecutor.executeKeywordForPlatform(KeywordExecutor.groovy:74)
	at com.kms.katalon.core.mobile.keyword.MobileBuiltInKeywords.verifyElementVisible(MobileBuiltInKeywords.groovy:2031)
	at com.kms.katalon.core.mobile.keyword.MobileBuiltInKeywords$verifyElementVisible$3.call(Unknown Source)
	at TC3_Checkout-Product.run(TC3_Checkout-Product:20)
	at com.kms.katalon.core.main.ScriptEngine.run(ScriptEngine.java:194)
	at com.kms.katalon.core.main.ScriptEngine.runScriptAsRawText(ScriptEngine.java:119)
	at com.kms.katalon.core.main.TestCaseExecutor.runScript(TestCaseExecutor.java:448)
	at com.kms.katalon.core.main.TestCaseExecutor.doExecute(TestCaseExecutor.java:439)
	at com.kms.katalon.core.main.TestCaseExecutor.processExecutionPhase(TestCaseExecutor.java:418)
	at com.kms.katalon.core.main.TestCaseExecutor.accessMainPhase(TestCaseExecutor.java:410)
	at com.kms.katalon.core.main.TestCaseExecutor.execute(TestCaseExecutor.java:285)
	at com.kms.katalon.core.common.CommonExecutor.accessTestCaseMainPhase(CommonExecutor.java:65)
	at com.kms.katalon.core.main.TestSuiteExecutor.accessTestSuiteMainPhase(TestSuiteExecutor.java:148)
	at com.kms.katalon.core.main.TestSuiteExecutor.execute(TestSuiteExecutor.java:106)
	at com.kms.katalon.core.main.TestCaseMain.startTestSuite(TestCaseMain.java:187)
	at com.kms.katalon.core.main.TestCaseMain$startTestSuite$0.call(Unknown Source)
	at TempTestSuite1694146823206.run(TempTestSuite1694146823206.groovy:36)]]></system-err>
   </testsuite>
</testsuites>
